Using pre-set license
Built from '2021.3/china_unity/release' branch; Version is '2021.3.18f1c1 (93698379025b) revision 9660803'; Using compiler version '192829333'; Build Type 'Release'
OS: 'Windows 11  (10.0.22621) 64bit Professional' Language: 'zh' Physical Memory: 65309 MB
BatchMode: 1, IsHumanControllingUs: 0, StartBugReporterOnCrash: 0, Is64bit: 1, IsPro: 1

COMMAND LINE ARGUMENTS:
D:\Program Files\Unity\Hub\Editor\2021.3.18f1c1\Editor\Unity.exe
-adb2
-batchMode
-noUpm
-name
AssetImportWorker1
-projectPath
E:/Unity/Project/SlotsGoldenTigerEOx20144
-logFile
Logs/AssetImportWorker1.log
-srvPort
49923
Successfully changed project path to: E:/Unity/Project/SlotsGoldenTigerEOx20144
E:/Unity/Project/SlotsGoldenTigerEOx20144
[UnityMemory] Configuration Parameters - Can be set up in boot.config
    "memorysetup-bucket-allocator-granularity=16"
    "memorysetup-bucket-allocator-bucket-count=8"
    "memorysetup-bucket-allocator-block-size=33554432"
    "memorysetup-bucket-allocator-block-count=8"
    "memorysetup-main-allocator-block-size=16777216"
    "memorysetup-thread-allocator-block-size=16777216"
    "memorysetup-gfx-main-allocator-block-size=16777216"
    "memorysetup-gfx-thread-allocator-block-size=16777216"
    "memorysetup-cache-allocator-block-size=4194304"
    "memorysetup-typetree-allocator-block-size=2097152"
    "memorysetup-profiler-bucket-allocator-granularity=16"
    "memorysetup-profiler-bucket-allocator-bucket-count=8"
    "memorysetup-profiler-bucket-allocator-block-size=33554432"
    "memorysetup-profiler-bucket-allocator-block-count=8"
    "memorysetup-profiler-allocator-block-size=16777216"
    "memorysetup-profiler-editor-allocator-block-size=1048576"
    "memorysetup-temp-allocator-size-main=16777216"
    "memorysetup-job-temp-allocator-block-size=2097152"
    "memorysetup-job-temp-allocator-block-size-background=1048576"
    "memorysetup-job-temp-allocator-reduction-small-platforms=262144"
    "memorysetup-temp-allocator-size-background-worker=32768"
    "memorysetup-temp-allocator-size-job-worker=262144"
    "memorysetup-temp-allocator-size-preload-manager=33554432"
    "memorysetup-temp-allocator-size-nav-mesh-worker=65536"
    "memorysetup-temp-allocator-size-audio-worker=65536"
    "memorysetup-temp-allocator-size-cloud-worker=32768"
    "memorysetup-temp-allocator-size-gi-baking-worker=262144"
    "memorysetup-temp-allocator-size-gfx=262144"
Player connection [14040] Host "[IP] 172.17.19.92 [Port] 0 [Flags] 2 [Guid] 1437866910 [EditorId] 1437866910 [Version] 1048832 [Id] WindowsEditor(7,DESKTOP-M864CHM) [Debug] 1 [PackageName] WindowsEditor [ProjectName] Editor" joined multi-casting on [225.0.0.222:54997]...

Player connection [14040] Host "[IP] 172.17.19.92 [Port] 0 [Flags] 2 [Guid] 1437866910 [EditorId] 1437866910 [Version] 1048832 [Id] WindowsEditor(7,DESKTOP-M864CHM) [Debug] 1 [PackageName] WindowsEditor [ProjectName] Editor" joined alternative multi-casting on [225.0.0.222:34997]...

AS: AutoStreaming module initializing.
Refreshing native plugins compatible for Editor in 67.61 ms, found 4 plugins.
Preloading 0 native plugins for Editor in 0.00 ms.
Initialize engine version: 2021.3.18f1c1 (93698379025b)
[Subsystems] Discovering subsystems at path D:/Program Files/Unity/Hub/Editor/2021.3.18f1c1/Editor/Data/Resources/UnitySubsystems
[Subsystems] Discovering subsystems at path E:/Unity/Project/SlotsGoldenTigerEOx20144/Assets
GfxDevice: creating device client; threaded=0; jobified=0
Direct3D:
    Version:  Direct3D 11.0 [level 11.1]
    Renderer: NVIDIA GeForce RTX 3050 (ID=0x2507)
    Vendor:   NVIDIA
    VRAM:     8056 MB
    Driver:   31.0.15.2756
Initialize mono
Mono path[0] = 'D:/Program Files/Unity/Hub/Editor/2021.3.18f1c1/Editor/Data/Managed'
Mono path[1] = 'D:/Program Files/Unity/Hub/Editor/2021.3.18f1c1/Editor/Data/MonoBleedingEdge/lib/mono/unityjit-win32'
Mono config path = 'D:/Program Files/Unity/Hub/Editor/2021.3.18f1c1/Editor/Data/MonoBleedingEdge/etc'
Using monoOptions --debugger-agent=transport=dt_socket,embedding=1,server=y,suspend=n,address=127.0.0.1:56460
Begin MonoManager ReloadAssembly
Registering precompiled unity dll's ...
Register platform support module: D:/Program Files/Unity/Hub/Editor/2021.3.18f1c1/Editor/Data/PlaybackEngines/WebGLSupport/UnityEditor.WebGL.Extensions.dll
Register platform support module: D:/Program Files/Unity/Hub/Editor/2021.3.18f1c1/Editor/Data/PlaybackEngines/AndroidPlayer/UnityEditor.Android.Extensions.dll
Register platform support module: D:/Program Files/Unity/Hub/Editor/2021.3.18f1c1/Editor/Data/PlaybackEngines/iOSSupport/UnityEditor.iOS.Extensions.dll
Register platform support module: D:/Program Files/Unity/Hub/Editor/2021.3.18f1c1/Editor/Data/PlaybackEngines/WindowsStandaloneSupport/UnityEditor.WindowsStandalone.Extensions.dll
Registered in 0.002391 seconds.
Native extension for WindowsStandalone target not found
[usbmuxd] Start listen thread
[usbmuxd] Listen thread started
Native extension for iOS target not found
Native extension for Android target not found
Android Extension - Scanning For ADB Devices 248 ms
Native extension for WebGL target not found
Refreshing native plugins compatible for Editor in 57.70 ms, found 4 plugins.
Preloading 0 native plugins for Editor in 0.00 ms.
Mono: successfully reloaded assembly
- Completed reload, in  0.655 seconds
Domain Reload Profiling:
	ReloadAssembly (656ms)
		BeginReloadAssembly (43ms)
			ExecutionOrderSort (0ms)
			DisableScriptedObjects (0ms)
			BackupInstance (0ms)
			ReleaseScriptingObjects (0ms)
			CreateAndSetChildDomain (1ms)
		EndReloadAssembly (550ms)
			LoadAssemblies (41ms)
			RebuildTransferFunctionScriptingTraits (0ms)
			SetupTypeCache (64ms)
			ReleaseScriptCaches (0ms)
			RebuildScriptCaches (16ms)
			SetupLoadedEditorAssemblies (438ms)
				LogAssemblyErrors (0ms)
				InitializePlatformSupportModulesInManaged (293ms)
				SetLoadedEditorAssemblies (0ms)
				RefreshPlugins (58ms)
				BeforeProcessingInitializeOnLoad (1ms)
				ProcessInitializeOnLoadAttributes (56ms)
				ProcessInitializeOnLoadMethodAttributes (31ms)
				AfterProcessingInitializeOnLoad (0ms)
				EditorAssembliesLoaded (0ms)
			ExecutionOrderSort2 (0ms)
			AwakeInstancesAfterBackupRestoration (0ms)
Platform modules already initialized, skipping
Registering precompiled user dll's ...
Registered in 0.006799 seconds.
Begin MonoManager ReloadAssembly
Symbol file LoadedFromMemory doesn't match image E:\Unity\Project\SlotsGoldenTigerEOx20144\Library\PackageCache\com.unity.visualscripting@1.8.0\Editor\VisualScripting.Core\Dependencies\DotNetZip\Unity.VisualScripting.IonicZip.dll
Symbol file LoadedFromMemory doesn't match image E:\Unity\Project\SlotsGoldenTigerEOx20144\Library\PackageCache\com.unity.visualscripting@1.8.0\Editor\VisualScripting.Core\Dependencies\YamlDotNet\Unity.VisualScripting.YamlDotNet.dll
Native extension for WindowsStandalone target not found
Native extension for iOS target not found
Native extension for Android target not found
Native extension for WebGL target not found
Refreshing native plugins compatible for Editor in 58.54 ms, found 4 plugins.
Preloading 0 native plugins for Editor in 0.00 ms.
Mono: successfully reloaded assembly
- Completed reload, in  0.878 seconds
Domain Reload Profiling:
	ReloadAssembly (878ms)
		BeginReloadAssembly (72ms)
			ExecutionOrderSort (0ms)
			DisableScriptedObjects (3ms)
			BackupInstance (0ms)
			ReleaseScriptingObjects (0ms)
			CreateAndSetChildDomain (14ms)
		EndReloadAssembly (734ms)
			LoadAssemblies (61ms)
			RebuildTransferFunctionScriptingTraits (0ms)
			SetupTypeCache (148ms)
			ReleaseScriptCaches (1ms)
			RebuildScriptCaches (35ms)
			SetupLoadedEditorAssemblies (454ms)
				LogAssemblyErrors (0ms)
				InitializePlatformSupportModulesInManaged (16ms)
				SetLoadedEditorAssemblies (0ms)
				RefreshPlugins (59ms)
				BeforeProcessingInitializeOnLoad (62ms)
				ProcessInitializeOnLoadAttributes (235ms)
				ProcessInitializeOnLoadMethodAttributes (76ms)
				AfterProcessingInitializeOnLoad (5ms)
				EditorAssembliesLoaded (0ms)
			ExecutionOrderSort2 (0ms)
			AwakeInstancesAfterBackupRestoration (8ms)
Platform modules already initialized, skipping
========================================================================
Worker process is ready to serve import requests
Launched and connected shader compiler UnityShaderCompiler.exe after 0.05 seconds
Refreshing native plugins compatible for Editor in 0.71 ms, found 4 plugins.
Preloading 0 native plugins for Editor in 0.00 ms.
Unloading 4662 Unused Serialized files (Serialized files now loaded: 0)
Unloading 75 unused Assets / (57.5 KB). Loaded Objects now: 5088.
Memory consumption went from 172.7 MB to 172.7 MB.
Total: 5.218100 ms (FindLiveObjects: 0.392200 ms CreateObjectMapping: 0.160900 ms MarkObjects: 4.578700 ms  DeleteObjects: 0.085100 ms)

AssetImportParameters requested are different than current active one (requested -> active):
  custom:video-decoder-ogg-theora: a1e56fd34408186e4bbccfd4996cb3dc -> 
  custom:container-muxer-webm: aa71ff27fc2769a1b78a27578f13a17b -> 
  custom:container-demuxer-webm: 4f35f7cbe854078d1ac9338744f61a02 -> 
  custom:video-encoder-webm-vp8: eb34c28f22e8b96e1ab97ce403110664 -> 
  custom:audio-encoder-webm-vorbis: bf7c407c2cedff20999df2af8eb42d56 -> 
  custom:framework-win-MediaFoundation: 216162199b28c13a410421893ffa2e32 -> 
  custom:container-demuxer-ogg: 62fdf1f143b41e24485cea50d1cbac27 -> 
  custom:video-decoder-webm-vp8: 9c59270c3fd7afecdb556c50c9e8de78 -> 
  custom:audio-decoder-ogg-vorbis: bf7c407c2cedff20999df2af8eb42d56 -> 
========================================================================
Received Import Request.
  Time since last request: 188330.568970 seconds.
  path: Assets/Scenes/firstScene.unity
  artifactKey: Guid(64a49eb9e75e0a2469491ed997964313) Importer(815301076,1909f56bfc062723c751e8b465ee728b)
Start importing Assets/Scenes/firstScene.unity using Guid(64a49eb9e75e0a2469491ed997964313) Importer(815301076,1909f56bfc062723c751e8b465ee728b)  -> (artifact id: '131b864a3ec7f4b4cb87287a9d8d6daf') in 0.006928 seconds 
========================================================================
Received Import Request.
  Time since last request: 24.298118 seconds.
  path: Assets/Resources/Music/Sound/button-6.wav
  artifactKey: Guid(29bdd23f02f83b946b3ce38d2ddddf7d) Importer(815301076,1909f56bfc062723c751e8b465ee728b)
Start importing Assets/Resources/Music/Sound/button-6.wav using Guid(29bdd23f02f83b946b3ce38d2ddddf7d) Importer(815301076,1909f56bfc062723c751e8b465ee728b)  -> (artifact id: '1350dde15296e2c68c7a8fb0525cb312') in 0.085340 seconds 
========================================================================
Received Import Request.
  Time since last request: 15.291569 seconds.
  path: Assets/Resources/UI/EventSystem.prefab
  artifactKey: Guid(1ded482c0148dcb488f6e4f73c7d069e) Importer(815301076,1909f56bfc062723c751e8b465ee728b)
Start importing Assets/Resources/UI/EventSystem.prefab using Guid(1ded482c0148dcb488f6e4f73c7d069e) Importer(815301076,1909f56bfc062723c751e8b465ee728b)  -> (artifact id: 'dc3a5ee9e363465362fb5163b40f05fb') in 0.012049 seconds 
========================================================================
Received Import Request.
  Time since last request: 0.000025 seconds.
  path: Assets/Resources/UI/panel_start.prefab
  artifactKey: Guid(0a507383b6bec7b44a1d21284b28316e) Importer(815301076,1909f56bfc062723c751e8b465ee728b)
Start importing Assets/Resources/UI/panel_start.prefab using Guid(0a507383b6bec7b44a1d21284b28316e) Importer(815301076,1909f56bfc062723c751e8b465ee728b)  -> (artifact id: '21f04ec8d14ea9ac53ca61e7cf551d51') in 0.006873 seconds 
========================================================================
Received Import Request.
  Time since last request: 2.835665 seconds.
  path: Assets/Resources/Prefab/ItemProp.prefab
  artifactKey: Guid(b798290a13f69204fb62c7036185684f) Importer(815301076,1909f56bfc062723c751e8b465ee728b)
Start importing Assets/Resources/Prefab/ItemProp.prefab using Guid(b798290a13f69204fb62c7036185684f) Importer(815301076,1909f56bfc062723c751e8b465ee728b)  -> (artifact id: 'a3b104cc92b37191b04bf044c02a4a5d') in 0.003071 seconds 
========================================================================
Received Import Request.
  Time since last request: 5.201241 seconds.
  path: Assets/Resources/Texture/res_main/2.png
  artifactKey: Guid(fc1c84b532dbd194fb273e712dfcf8b9) Importer(815301076,1909f56bfc062723c751e8b465ee728b)
Start importing Assets/Resources/Texture/res_main/2.png using Guid(fc1c84b532dbd194fb273e712dfcf8b9) Importer(815301076,1909f56bfc062723c751e8b465ee728b)  -> (artifact id: 'bb0b1a041e800adf5c44595f246720f9') in 0.022564 seconds 
========================================================================
Received Import Request.
  Time since last request: 0.000026 seconds.
  path: Assets/Resources/Texture/res_main/bg_slot.png
  artifactKey: Guid(aa6905169d5ab9f42b79ded0d795533f) Importer(815301076,1909f56bfc062723c751e8b465ee728b)
Start importing Assets/Resources/Texture/res_main/bg_slot.png using Guid(aa6905169d5ab9f42b79ded0d795533f) Importer(815301076,1909f56bfc062723c751e8b465ee728b)  -> (artifact id: '98f790a7ca9b88d763e9fd8b9f10cdd8') in 0.052618 seconds 
========================================================================
Received Import Request.
  Time since last request: 0.000016 seconds.
  path: Assets/Resources/Texture/res_main/btn_bg.png
  artifactKey: Guid(d04eb842625b8184caa37372a1b1930a) Importer(815301076,1909f56bfc062723c751e8b465ee728b)
Start importing Assets/Resources/Texture/res_main/btn_bg.png using Guid(d04eb842625b8184caa37372a1b1930a) Importer(815301076,1909f56bfc062723c751e8b465ee728b)  -> (artifact id: '8f49cfaf1f5870eb120b3ef8ce3ddd4f') in 0.015951 seconds 
========================================================================
Received Import Request.
  Time since last request: 0.000042 seconds.
  path: Assets/Resources/Texture/res_main/5.png
  artifactKey: Guid(3330c8b3a93a7f147831abefac487f05) Importer(815301076,1909f56bfc062723c751e8b465ee728b)
Start importing Assets/Resources/Texture/res_main/5.png using Guid(3330c8b3a93a7f147831abefac487f05) Importer(815301076,1909f56bfc062723c751e8b465ee728b)  -> (artifact id: '673498fe54ea291935ff715de6cbdc9a') in 0.019867 seconds 
========================================================================
Received Import Request.
  Time since last request: 0.000037 seconds.
  path: Assets/Resources/Texture/res_main/4.png
  artifactKey: Guid(3fb3579b2be5db0408350d43087d2e4d) Importer(815301076,1909f56bfc062723c751e8b465ee728b)
Start importing Assets/Resources/Texture/res_main/4.png using Guid(3fb3579b2be5db0408350d43087d2e4d) Importer(815301076,1909f56bfc062723c751e8b465ee728b)  -> (artifact id: '27438f1b40429d5b74a61a2d4bcfb821') in 0.020426 seconds 
========================================================================
Received Import Request.
  Time since last request: 0.000035 seconds.
  path: Assets/Resources/Texture/res_main/btn_room1.png
  artifactKey: Guid(8ef743dd0fcd0644c9d6781ade17da74) Importer(815301076,1909f56bfc062723c751e8b465ee728b)
Start importing Assets/Resources/Texture/res_main/btn_room1.png using Guid(8ef743dd0fcd0644c9d6781ade17da74) Importer(815301076,1909f56bfc062723c751e8b465ee728b)  -> (artifact id: '9e6cc5d36f2030df018a539e936d2ca0') in 0.014907 seconds 
========================================================================
Received Import Request.
  Time since last request: 0.000035 seconds.
  path: Assets/Resources/Texture/res_main/btn_5.png
  artifactKey: Guid(9256e46178868f8469dad317200966d5) Importer(815301076,1909f56bfc062723c751e8b465ee728b)
Start importing Assets/Resources/Texture/res_main/btn_5.png using Guid(9256e46178868f8469dad317200966d5) Importer(815301076,1909f56bfc062723c751e8b465ee728b)  -> (artifact id: '88304c819b064cd7a0270182f1403319') in 0.019564 seconds 
========================================================================
Received Import Request.
  Time since last request: 0.000061 seconds.
  path: Assets/Resources/Texture/res_main/btn_6.png
  artifactKey: Guid(383512e2558700b4f9f077d2d680bbad) Importer(815301076,1909f56bfc062723c751e8b465ee728b)
Start importing Assets/Resources/Texture/res_main/btn_6.png using Guid(383512e2558700b4f9f077d2d680bbad) Importer(815301076,1909f56bfc062723c751e8b465ee728b)  -> (artifact id: 'f4f99d7cd46502990d703619fc90ea7b') in 0.010208 seconds 
========================================================================
Received Import Request.
  Time since last request: 0.000067 seconds.
  path: Assets/Resources/Texture/res_main/btn_room3.png
  artifactKey: Guid(76b3661bcacce9a44825614535cdaa8c) Importer(815301076,1909f56bfc062723c751e8b465ee728b)
Start importing Assets/Resources/Texture/res_main/btn_room3.png using Guid(76b3661bcacce9a44825614535cdaa8c) Importer(815301076,1909f56bfc062723c751e8b465ee728b)  -> (artifact id: '59a17c7e9efe1f87180c8b117381fe9c') in 0.016760 seconds 
Editor requested this worker to shutdown with reason: Scaling down because of idle timeout
AssetImportWorker is now disconnected from the server
Process exiting
Exiting without the bug reporter. Application will terminate with return code 0