Using pre-set license
Built from '2021.3/china_unity/release' branch; Version is '2021.3.18f1c1 (93698379025b) revision 9660803'; Using compiler version '192829333'; Build Type 'Release'
OS: 'Windows 11  (10.0.22621) 64bit Professional' Language: 'zh' Physical Memory: 65309 MB
BatchMode: 1, IsHumanControllingUs: 0, StartBugReporterOnCrash: 0, Is64bit: 1, IsPro: 1

COMMAND LINE ARGUMENTS:
D:\Program Files\Unity\Hub\Editor\2021.3.18f1c1\Editor\Unity.exe
-adb2
-batchMode
-noUpm
-name
AssetImportWorker0
-projectPath
E:/Unity/Project/PetDoctorSlots20348
-logFile
Logs/AssetImportWorker0.log
-srvPort
65082
Successfully changed project path to: E:/Unity/Project/PetDoctorSlots20348
E:/Unity/Project/PetDoctorSlots20348
[UnityMemory] Configuration Parameters - Can be set up in boot.config
    "memorysetup-bucket-allocator-granularity=16"
    "memorysetup-bucket-allocator-bucket-count=8"
    "memorysetup-bucket-allocator-block-size=33554432"
    "memorysetup-bucket-allocator-block-count=8"
    "memorysetup-main-allocator-block-size=16777216"
    "memorysetup-thread-allocator-block-size=16777216"
    "memorysetup-gfx-main-allocator-block-size=16777216"
    "memorysetup-gfx-thread-allocator-block-size=16777216"
    "memorysetup-cache-allocator-block-size=4194304"
    "memorysetup-typetree-allocator-block-size=2097152"
    "memorysetup-profiler-bucket-allocator-granularity=16"
    "memorysetup-profiler-bucket-allocator-bucket-count=8"
    "memorysetup-profiler-bucket-allocator-block-size=33554432"
    "memorysetup-profiler-bucket-allocator-block-count=8"
    "memorysetup-profiler-allocator-block-size=16777216"
    "memorysetup-profiler-editor-allocator-block-size=1048576"
    "memorysetup-temp-allocator-size-main=16777216"
    "memorysetup-job-temp-allocator-block-size=2097152"
    "memorysetup-job-temp-allocator-block-size-background=1048576"
    "memorysetup-job-temp-allocator-reduction-small-platforms=262144"
    "memorysetup-temp-allocator-size-background-worker=32768"
    "memorysetup-temp-allocator-size-job-worker=262144"
    "memorysetup-temp-allocator-size-preload-manager=33554432"
    "memorysetup-temp-allocator-size-nav-mesh-worker=65536"
    "memorysetup-temp-allocator-size-audio-worker=65536"
    "memorysetup-temp-allocator-size-cloud-worker=32768"
    "memorysetup-temp-allocator-size-gi-baking-worker=262144"
    "memorysetup-temp-allocator-size-gfx=262144"
Player connection [21080] Host "[IP] 172.17.19.92 [Port] 0 [Flags] 2 [Guid] 852024439 [EditorId] 852024439 [Version] 1048832 [Id] WindowsEditor(7,DESKTOP-M864CHM) [Debug] 1 [PackageName] WindowsEditor [ProjectName] Editor" joined multi-casting on [225.0.0.222:54997]...

Player connection [21080] Host "[IP] 172.17.19.92 [Port] 0 [Flags] 2 [Guid] 852024439 [EditorId] 852024439 [Version] 1048832 [Id] WindowsEditor(7,DESKTOP-M864CHM) [Debug] 1 [PackageName] WindowsEditor [ProjectName] Editor" joined alternative multi-casting on [225.0.0.222:34997]...

AS: AutoStreaming module initializing.
Refreshing native plugins compatible for Editor in 46.77 ms, found 4 plugins.
Preloading 0 native plugins for Editor in 0.00 ms.
Initialize engine version: 2021.3.18f1c1 (93698379025b)
[Subsystems] Discovering subsystems at path D:/Program Files/Unity/Hub/Editor/2021.3.18f1c1/Editor/Data/Resources/UnitySubsystems
[Subsystems] Discovering subsystems at path E:/Unity/Project/PetDoctorSlots20348/Assets
GfxDevice: creating device client; threaded=0; jobified=0
Direct3D:
    Version:  Direct3D 11.0 [level 11.1]
    Renderer: NVIDIA GeForce RTX 3050 (ID=0x2507)
    Vendor:   NVIDIA
    VRAM:     8056 MB
    Driver:   31.0.15.2756
Initialize mono
Mono path[0] = 'D:/Program Files/Unity/Hub/Editor/2021.3.18f1c1/Editor/Data/Managed'
Mono path[1] = 'D:/Program Files/Unity/Hub/Editor/2021.3.18f1c1/Editor/Data/MonoBleedingEdge/lib/mono/unityjit-win32'
Mono config path = 'D:/Program Files/Unity/Hub/Editor/2021.3.18f1c1/Editor/Data/MonoBleedingEdge/etc'
Using monoOptions --debugger-agent=transport=dt_socket,embedding=1,server=y,suspend=n,address=127.0.0.1:56892
Begin MonoManager ReloadAssembly
Registering precompiled unity dll's ...
Register platform support module: D:/Program Files/Unity/Hub/Editor/2021.3.18f1c1/Editor/Data/PlaybackEngines/WebGLSupport/UnityEditor.WebGL.Extensions.dll
Register platform support module: D:/Program Files/Unity/Hub/Editor/2021.3.18f1c1/Editor/Data/PlaybackEngines/AndroidPlayer/UnityEditor.Android.Extensions.dll
Register platform support module: D:/Program Files/Unity/Hub/Editor/2021.3.18f1c1/Editor/Data/PlaybackEngines/iOSSupport/UnityEditor.iOS.Extensions.dll
Register platform support module: D:/Program Files/Unity/Hub/Editor/2021.3.18f1c1/Editor/Data/PlaybackEngines/WindowsStandaloneSupport/UnityEditor.WindowsStandalone.Extensions.dll
Registered in 0.002348 seconds.
Native extension for WindowsStandalone target not found
[usbmuxd] Start listen thread
[usbmuxd] Listen thread started
Native extension for iOS target not found
Native extension for Android target not found
Unauthorized device detected, Id: 35193639940048C, please add debug authorization and reconnect.
UnityEngine.StackTraceUtility:ExtractStackTrace ()
UnityEngine.DebugLogHandler:LogFormat (UnityEngine.LogType,UnityEngine.Object,string,object[])
UnityEngine.Logger:LogFormat (UnityEngine.LogType,string,object[])
UnityEngine.Debug:LogFormat (string,object[])
UnityEditor.Android.AndroidDeploymentTargetsExtension:GetKnownTargets (UnityEditor.DeploymentTargets.IDeploymentTargetsMainThreadContext,UnityEditor.ProgressHandler)
UnityEditor.Android.TargetScanWorker:ScanSync ()
UnityEditor.Android.TargetExtension:OnUsbDevicesChanged (UnityEditor.Hardware.UsbDevice[])
UnityEditor.Android.TargetExtension:OnLoad ()
UnityEditor.Modules.ModuleManager:InitializePlatformSupportModules ()

Android Extension - Scanning For ADB Devices 216 ms
Native extension for WebGL target not found
Refreshing native plugins compatible for Editor in 45.84 ms, found 4 plugins.
Preloading 0 native plugins for Editor in 0.00 ms.
Mono: successfully reloaded assembly
- Completed reload, in  0.602 seconds
Domain Reload Profiling:
	ReloadAssembly (603ms)
		BeginReloadAssembly (43ms)
			ExecutionOrderSort (0ms)
			DisableScriptedObjects (0ms)
			BackupInstance (0ms)
			ReleaseScriptingObjects (0ms)
			CreateAndSetChildDomain (0ms)
		EndReloadAssembly (499ms)
			LoadAssemblies (41ms)
			RebuildTransferFunctionScriptingTraits (0ms)
			SetupTypeCache (63ms)
			ReleaseScriptCaches (0ms)
			RebuildScriptCaches (18ms)
			SetupLoadedEditorAssemblies (387ms)
				LogAssemblyErrors (0ms)
				InitializePlatformSupportModulesInManaged (260ms)
				SetLoadedEditorAssemblies (0ms)
				RefreshPlugins (46ms)
				BeforeProcessingInitializeOnLoad (1ms)
				ProcessInitializeOnLoadAttributes (52ms)
				ProcessInitializeOnLoadMethodAttributes (28ms)
				AfterProcessingInitializeOnLoad (0ms)
				EditorAssembliesLoaded (0ms)
			ExecutionOrderSort2 (0ms)
			AwakeInstancesAfterBackupRestoration (0ms)
Platform modules already initialized, skipping
Registering precompiled user dll's ...
Registered in 0.005056 seconds.
Begin MonoManager ReloadAssembly
Symbol file LoadedFromMemory doesn't match image E:\Unity\Project\PetDoctorSlots20348\Library\PackageCache\com.unity.visualscripting@1.8.0\Editor\VisualScripting.Core\Dependencies\YamlDotNet\Unity.VisualScripting.YamlDotNet.dll
Symbol file LoadedFromMemory doesn't match image E:\Unity\Project\PetDoctorSlots20348\Library\PackageCache\com.unity.visualscripting@1.8.0\Editor\VisualScripting.Core\Dependencies\DotNetZip\Unity.VisualScripting.IonicZip.dll
Native extension for WindowsStandalone target not found
Native extension for iOS target not found
Native extension for Android target not found
Native extension for WebGL target not found
Refreshing native plugins compatible for Editor in 45.37 ms, found 4 plugins.
Preloading 0 native plugins for Editor in 0.00 ms.
Mono: successfully reloaded assembly
- Completed reload, in  0.847 seconds
Domain Reload Profiling:
	ReloadAssembly (847ms)
		BeginReloadAssembly (71ms)
			ExecutionOrderSort (0ms)
			DisableScriptedObjects (3ms)
			BackupInstance (0ms)
			ReleaseScriptingObjects (0ms)
			CreateAndSetChildDomain (13ms)
		EndReloadAssembly (705ms)
			LoadAssemblies (55ms)
			RebuildTransferFunctionScriptingTraits (0ms)
			SetupTypeCache (166ms)
			ReleaseScriptCaches (0ms)
			RebuildScriptCaches (37ms)
			SetupLoadedEditorAssemblies (405ms)
				LogAssemblyErrors (0ms)
				InitializePlatformSupportModulesInManaged (18ms)
				SetLoadedEditorAssemblies (0ms)
				RefreshPlugins (45ms)
				BeforeProcessingInitializeOnLoad (52ms)
				ProcessInitializeOnLoadAttributes (261ms)
				ProcessInitializeOnLoadMethodAttributes (23ms)
				AfterProcessingInitializeOnLoad (5ms)
				EditorAssembliesLoaded (0ms)
			ExecutionOrderSort2 (0ms)
			AwakeInstancesAfterBackupRestoration (7ms)
Platform modules already initialized, skipping
========================================================================
Worker process is ready to serve import requests
Launched and connected shader compiler UnityShaderCompiler.exe after 0.05 seconds
Refreshing native plugins compatible for Editor in 0.47 ms, found 4 plugins.
Preloading 0 native plugins for Editor in 0.00 ms.
Unloading 3774 Unused Serialized files (Serialized files now loaded: 0)
Unloading 35 unused Assets / (56.6 KB). Loaded Objects now: 4237.
Memory consumption went from 150.1 MB to 150.0 MB.
Total: 2.605100 ms (FindLiveObjects: 0.278500 ms CreateObjectMapping: 0.097700 ms MarkObjects: 2.168200 ms  DeleteObjects: 0.059900 ms)

AssetImportParameters requested are different than current active one (requested -> active):
  custom:video-decoder-ogg-theora: a1e56fd34408186e4bbccfd4996cb3dc -> 
  custom:container-muxer-webm: aa71ff27fc2769a1b78a27578f13a17b -> 
  custom:container-demuxer-webm: 4f35f7cbe854078d1ac9338744f61a02 -> 
  custom:video-encoder-webm-vp8: eb34c28f22e8b96e1ab97ce403110664 -> 
  custom:audio-encoder-webm-vorbis: bf7c407c2cedff20999df2af8eb42d56 -> 
  custom:framework-win-MediaFoundation: 216162199b28c13a410421893ffa2e32 -> 
  custom:container-demuxer-ogg: 62fdf1f143b41e24485cea50d1cbac27 -> 
  custom:video-decoder-webm-vp8: 9c59270c3fd7afecdb556c50c9e8de78 -> 
  custom:audio-decoder-ogg-vorbis: bf7c407c2cedff20999df2af8eb42d56 -> 
========================================================================
Received Import Request.
  Time since last request: 3295.743479 seconds.
  path: Assets/Resources/Prefab
  artifactKey: Guid(dfa9f7a2293270e4db74a9f1d0eff029) Importer(815301076,1909f56bfc062723c751e8b465ee728b)
Start importing Assets/Resources/Prefab using Guid(dfa9f7a2293270e4db74a9f1d0eff029) Importer(815301076,1909f56bfc062723c751e8b465ee728b)  -> (artifact id: 'da9b094023db727722a03418210cd4ef') in 0.007765 seconds 
========================================================================
Received Import Request.
  Time since last request: 0.402019 seconds.
  path: Assets/Resources/Texture
  artifactKey: Guid(1dd0c14cf71e26247bd011b02c09c729) Importer(815301076,1909f56bfc062723c751e8b465ee728b)
Start importing Assets/Resources/Texture using Guid(1dd0c14cf71e26247bd011b02c09c729) Importer(815301076,1909f56bfc062723c751e8b465ee728b)  -> (artifact id: 'c0d25937c6f2f59eafe6bc21ae410204') in 0.001197 seconds 
========================================================================
Received Import Request.
  Time since last request: 0.924100 seconds.
  path: Assets/Resources/UI
  artifactKey: Guid(ddc119a075a1d0e4b855bf1320a87b5c) Importer(815301076,1909f56bfc062723c751e8b465ee728b)
Start importing Assets/Resources/UI using Guid(ddc119a075a1d0e4b855bf1320a87b5c) Importer(815301076,1909f56bfc062723c751e8b465ee728b)  -> (artifact id: '08084d7a702288eb8d482d402248046e') in 0.001451 seconds 
========================================================================
Received Import Request.
  Time since last request: 0.074000 seconds.
  path: Assets/Resources/UI/Canvas.prefab
  artifactKey: Guid(6a9b9c6ae06e8cd4d95e4535be51ea8c) Importer(815301076,1909f56bfc062723c751e8b465ee728b)
Start importing Assets/Resources/UI/Canvas.prefab using Guid(6a9b9c6ae06e8cd4d95e4535be51ea8c) Importer(815301076,1909f56bfc062723c751e8b465ee728b)  -> (artifact id: '81ebe74d1b33ab6f0c8960aa362ab7ca') in 0.027405 seconds 
========================================================================
Received Import Request.
  Time since last request: 0.000015 seconds.
  path: Assets/Resources/UI/panel_start.prefab
  artifactKey: Guid(0a507383b6bec7b44a1d21284b28316e) Importer(815301076,1909f56bfc062723c751e8b465ee728b)
Start importing Assets/Resources/UI/panel_start.prefab using Guid(0a507383b6bec7b44a1d21284b28316e) Importer(815301076,1909f56bfc062723c751e8b465ee728b)  -> (artifact id: '4eb78723013368b10f65855eca0d9895') in 0.007989 seconds 
========================================================================
Received Import Request.
  Time since last request: 1.646332 seconds.
  path: Assets/Resources/Prefab/btn_.prefab
  artifactKey: Guid(fdea547fe84444a4693e85e10e272631) Importer(815301076,1909f56bfc062723c751e8b465ee728b)
Start importing Assets/Resources/Prefab/btn_.prefab using Guid(fdea547fe84444a4693e85e10e272631) Importer(815301076,1909f56bfc062723c751e8b465ee728b)  -> (artifact id: '3c421f38bffac81980f66557f10c93a0') in 0.002524 seconds 
========================================================================
Received Import Request.
  Time since last request: 0.977737 seconds.
  path: Assets/Resources/AudioSound/bgm.mp3
  artifactKey: Guid(574b606e2bd9ee0458941a57f58e59b5) Importer(815301076,1909f56bfc062723c751e8b465ee728b)
Start importing Assets/Resources/AudioSound/bgm.mp3 using Guid(574b606e2bd9ee0458941a57f58e59b5) Importer(815301076,1909f56bfc062723c751e8b465ee728b)  -> (artifact id: '1e9fe3a2885065682fa1a05d92885db6') in 0.051920 seconds 
========================================================================
Received Import Request.
  Time since last request: 0.000019 seconds.
  path: Assets/Resources/AudioSound/button-6.wav
  artifactKey: Guid(01c86f5dccfc61944980dd2176dbf085) Importer(815301076,1909f56bfc062723c751e8b465ee728b)
Start importing Assets/Resources/AudioSound/button-6.wav using Guid(01c86f5dccfc61944980dd2176dbf085) Importer(815301076,1909f56bfc062723c751e8b465ee728b)  -> (artifact id: '00b27a129dd16267c35e52c40874022f') in 0.024159 seconds 
========================================================================
Received Import Request.
  Time since last request: 2.145793 seconds.
  path: Assets/Textures/1 (1).png
  artifactKey: Guid(873a183136f1e01499d1b539b6f2fd94) Importer(815301076,1909f56bfc062723c751e8b465ee728b)
Start importing Assets/Textures/1 (1).png using Guid(873a183136f1e01499d1b539b6f2fd94) Importer(815301076,1909f56bfc062723c751e8b465ee728b)  -> (artifact id: '346d31b3e8077abc3fdb97ca7c84e8d7') in 0.107242 seconds 
========================================================================
Received Import Request.
  Time since last request: 0.000015 seconds.
  path: Assets/Textures/bg_slot.png
  artifactKey: Guid(9e7ad3a7bfdf2e14ca353fa02368b8f0) Importer(815301076,1909f56bfc062723c751e8b465ee728b)
Start importing Assets/Textures/bg_slot.png using Guid(9e7ad3a7bfdf2e14ca353fa02368b8f0) Importer(815301076,1909f56bfc062723c751e8b465ee728b)  -> (artifact id: 'f47535bf6cf23875c57bcbf6da74badb') in 0.026302 seconds 
========================================================================
Received Import Request.
  Time since last request: 524.082142 seconds.
  path: Assets/Textures/1 (1).png
  artifactKey: Guid(873a183136f1e01499d1b539b6f2fd94) Importer(815301076,1909f56bfc062723c751e8b465ee728b)
Start importing Assets/Textures/1 (1).png using Guid(873a183136f1e01499d1b539b6f2fd94) Importer(815301076,1909f56bfc062723c751e8b465ee728b)  -> (artifact id: 'd604302034cd755cbb4b6f6300a856f8') in 0.119433 seconds 
========================================================================
Received Prepare
Refreshing native plugins compatible for Editor in 2.77 ms, found 4 plugins.
Preloading 0 native plugins for Editor in 0.00 ms.
Unloading 22 Unused Serialized files (Serialized files now loaded: 0)
Unloading 22 unused Assets / (21.9 KB). Loaded Objects now: 4260.
Memory consumption went from 77.2 MB to 77.2 MB.
Total: 3.450600 ms (FindLiveObjects: 0.250600 ms CreateObjectMapping: 0.096000 ms MarkObjects: 3.086100 ms  DeleteObjects: 0.017500 ms)

AssetImportParameters requested are different than current active one (requested -> active):
  custom:video-decoder-ogg-theora: a1e56fd34408186e4bbccfd4996cb3dc -> 
  custom:container-muxer-webm: aa71ff27fc2769a1b78a27578f13a17b -> 
  custom:container-demuxer-webm: 4f35f7cbe854078d1ac9338744f61a02 -> 
  custom:video-encoder-webm-vp8: eb34c28f22e8b96e1ab97ce403110664 -> 
  custom:audio-encoder-webm-vorbis: bf7c407c2cedff20999df2af8eb42d56 -> 
  custom:framework-win-MediaFoundation: 216162199b28c13a410421893ffa2e32 -> 
  custom:container-demuxer-ogg: 62fdf1f143b41e24485cea50d1cbac27 -> 
  custom:video-decoder-webm-vp8: 9c59270c3fd7afecdb556c50c9e8de78 -> 
  custom:audio-decoder-ogg-vorbis: bf7c407c2cedff20999df2af8eb42d56 -> 
========================================================================
Received Prepare
Refreshing native plugins compatible for Editor in 2.37 ms, found 4 plugins.
Preloading 0 native plugins for Editor in 0.00 ms.
Unloading 22 Unused Serialized files (Serialized files now loaded: 0)
Unloading 22 unused Assets / (21.9 KB). Loaded Objects now: 4260.
Memory consumption went from 77.2 MB to 77.2 MB.
Total: 2.372300 ms (FindLiveObjects: 0.199400 ms CreateObjectMapping: 0.081500 ms MarkObjects: 2.080400 ms  DeleteObjects: 0.010700 ms)

AssetImportParameters requested are different than current active one (requested -> active):
  custom:video-decoder-ogg-theora: a1e56fd34408186e4bbccfd4996cb3dc -> 
  custom:container-muxer-webm: aa71ff27fc2769a1b78a27578f13a17b -> 
  custom:container-demuxer-webm: 4f35f7cbe854078d1ac9338744f61a02 -> 
  custom:video-encoder-webm-vp8: eb34c28f22e8b96e1ab97ce403110664 -> 
  custom:audio-encoder-webm-vorbis: bf7c407c2cedff20999df2af8eb42d56 -> 
  custom:framework-win-MediaFoundation: 216162199b28c13a410421893ffa2e32 -> 
  custom:container-demuxer-ogg: 62fdf1f143b41e24485cea50d1cbac27 -> 
  custom:video-decoder-webm-vp8: 9c59270c3fd7afecdb556c50c9e8de78 -> 
  custom:audio-decoder-ogg-vorbis: bf7c407c2cedff20999df2af8eb42d56 -> 
========================================================================
Received Import Request.
  Time since last request: 45.534603 seconds.
  path: Assets/Textures/1 (1).png
  artifactKey: Guid(873a183136f1e01499d1b539b6f2fd94) Importer(815301076,1909f56bfc062723c751e8b465ee728b)
Start importing Assets/Textures/1 (1).png using Guid(873a183136f1e01499d1b539b6f2fd94) Importer(815301076,1909f56bfc062723c751e8b465ee728b)  -> (artifact id: '55ee022e36a13c2e2fa4ba639bd488f4') in 0.166440 seconds 
========================================================================
Received Prepare
Registering precompiled user dll's ...
Registered in 0.004753 seconds.
Begin MonoManager ReloadAssembly
Symbol file LoadedFromMemory doesn't match image E:\Unity\Project\PetDoctorSlots20348\Library\PackageCache\com.unity.visualscripting@1.8.0\Editor\VisualScripting.Core\Dependencies\YamlDotNet\Unity.VisualScripting.YamlDotNet.dll
Symbol file LoadedFromMemory doesn't match image E:\Unity\Project\PetDoctorSlots20348\Library\PackageCache\com.unity.visualscripting@1.8.0\Editor\VisualScripting.Core\Dependencies\DotNetZip\Unity.VisualScripting.IonicZip.dll
Native extension for WindowsStandalone target not found
Native extension for iOS target not found
Native extension for Android target not found
Native extension for WebGL target not found
Refreshing native plugins compatible for Editor in 0.68 ms, found 4 plugins.
Preloading 0 native plugins for Editor in 0.00 ms.
Mono: successfully reloaded assembly
- Completed reload, in  0.700 seconds
Domain Reload Profiling:
	ReloadAssembly (701ms)
		BeginReloadAssembly (97ms)
			ExecutionOrderSort (0ms)
			DisableScriptedObjects (4ms)
			BackupInstance (0ms)
			ReleaseScriptingObjects (0ms)
			CreateAndSetChildDomain (34ms)
		EndReloadAssembly (544ms)
			LoadAssemblies (55ms)
			RebuildTransferFunctionScriptingTraits (0ms)
			SetupTypeCache (141ms)
			ReleaseScriptCaches (1ms)
			RebuildScriptCaches (27ms)
			SetupLoadedEditorAssemblies (290ms)
				LogAssemblyErrors (0ms)
				InitializePlatformSupportModulesInManaged (21ms)
				SetLoadedEditorAssemblies (0ms)
				RefreshPlugins (1ms)
				BeforeProcessingInitializeOnLoad (39ms)
				ProcessInitializeOnLoadAttributes (206ms)
				ProcessInitializeOnLoadMethodAttributes (19ms)
				AfterProcessingInitializeOnLoad (4ms)
				EditorAssembliesLoaded (0ms)
			ExecutionOrderSort2 (0ms)
			AwakeInstancesAfterBackupRestoration (8ms)
Platform modules already initialized, skipping
Refreshing native plugins compatible for Editor in 1.34 ms, found 4 plugins.
Preloading 0 native plugins for Editor in 0.00 ms.
Unloading 3750 Unused Serialized files (Serialized files now loaded: 0)
Unloading 22 unused Assets / (24.6 KB). Loaded Objects now: 4262.
Memory consumption went from 151.9 MB to 151.9 MB.
Total: 2.491500 ms (FindLiveObjects: 0.207600 ms CreateObjectMapping: 0.242300 ms MarkObjects: 2.025400 ms  DeleteObjects: 0.015300 ms)

AssetImportParameters requested are different than current active one (requested -> active):
  custom:video-decoder-ogg-theora: a1e56fd34408186e4bbccfd4996cb3dc -> 
  custom:container-muxer-webm: aa71ff27fc2769a1b78a27578f13a17b -> 
  custom:container-demuxer-webm: 4f35f7cbe854078d1ac9338744f61a02 -> 
  custom:video-encoder-webm-vp8: eb34c28f22e8b96e1ab97ce403110664 -> 
  custom:audio-encoder-webm-vorbis: bf7c407c2cedff20999df2af8eb42d56 -> 
  custom:framework-win-MediaFoundation: 216162199b28c13a410421893ffa2e32 -> 
  custom:container-demuxer-ogg: 62fdf1f143b41e24485cea50d1cbac27 -> 
  custom:video-decoder-webm-vp8: 9c59270c3fd7afecdb556c50c9e8de78 -> 
  custom:audio-decoder-ogg-vorbis: bf7c407c2cedff20999df2af8eb42d56 -> 
========================================================================
Received Import Request.
  Time since last request: 1757.110022 seconds.
  path: Assets/Resources/AudioSound/bgm.mp3
  artifactKey: Guid(574b606e2bd9ee0458941a57f58e59b5) Importer(815301076,1909f56bfc062723c751e8b465ee728b)
Start importing Assets/Resources/AudioSound/bgm.mp3 using Guid(574b606e2bd9ee0458941a57f58e59b5) Importer(815301076,1909f56bfc062723c751e8b465ee728b)  -> (artifact id: '06b69cba0a6e76cbc54742a24f793169') in 0.035577 seconds 
========================================================================
Received Import Request.
  Time since last request: 0.000109 seconds.
  path: Assets/Resources/AudioSound/button-6.wav
  artifactKey: Guid(01c86f5dccfc61944980dd2176dbf085) Importer(815301076,1909f56bfc062723c751e8b465ee728b)
Start importing Assets/Resources/AudioSound/button-6.wav using Guid(01c86f5dccfc61944980dd2176dbf085) Importer(815301076,1909f56bfc062723c751e8b465ee728b)  -> (artifact id: '343306226f7f864700446077b02b5b5a') in 0.054994 seconds 
========================================================================
Received Import Request.
  Time since last request: 7.266720 seconds.
  path: Assets/Resources/Texture/res_main
  artifactKey: Guid(40a4aa74f5c727d428f965df1e3943a2) Importer(815301076,1909f56bfc062723c751e8b465ee728b)
Start importing Assets/Resources/Texture/res_main using Guid(40a4aa74f5c727d428f965df1e3943a2) Importer(815301076,1909f56bfc062723c751e8b465ee728b)  -> (artifact id: '0a2cc112872d14b08de94959fcc2fd9b') in 0.001034 seconds 
========================================================================
Received Import Request.
  Time since last request: 0.056108 seconds.
  path: Assets/Resources/Texture/res_main/1.png
  artifactKey: Guid(6c75402b14577644086a56eb2ba7716a) Importer(815301076,1909f56bfc062723c751e8b465ee728b)
Start importing Assets/Resources/Texture/res_main/1.png using Guid(6c75402b14577644086a56eb2ba7716a) Importer(815301076,1909f56bfc062723c751e8b465ee728b)  -> (artifact id: '5240646c89d416abf5744138f02f7256') in 0.023247 seconds 
========================================================================
Received Import Request.
  Time since last request: 0.250892 seconds.
  path: Assets/Resources/Texture/res_main/3.png
  artifactKey: Guid(5ce29e46cddeab94aac35b68d87720ec) Importer(815301076,1909f56bfc062723c751e8b465ee728b)
Start importing Assets/Resources/Texture/res_main/3.png using Guid(5ce29e46cddeab94aac35b68d87720ec) Importer(815301076,1909f56bfc062723c751e8b465ee728b)  -> (artifact id: 'd927f3c2c2cb476b3fa6c79646529405') in 0.014342 seconds 
========================================================================
Received Import Request.
  Time since last request: 0.006052 seconds.
  path: Assets/Resources/Texture/res_main/btn_3.png
  artifactKey: Guid(385d4bba2032ae44e99cd4f4bcd2c35f) Importer(815301076,1909f56bfc062723c751e8b465ee728b)
Start importing Assets/Resources/Texture/res_main/btn_3.png using Guid(385d4bba2032ae44e99cd4f4bcd2c35f) Importer(815301076,1909f56bfc062723c751e8b465ee728b)  -> (artifact id: 'bead527d30b033862497358760451b60') in 0.014428 seconds 
========================================================================
Received Import Request.
  Time since last request: 0.000023 seconds.
  path: Assets/Resources/Texture/res_main/icon_bg2.png
  artifactKey: Guid(2ccfb7d7b6a6f3346a2bc8872bbca490) Importer(815301076,1909f56bfc062723c751e8b465ee728b)
Start importing Assets/Resources/Texture/res_main/icon_bg2.png using Guid(2ccfb7d7b6a6f3346a2bc8872bbca490) Importer(815301076,1909f56bfc062723c751e8b465ee728b)  -> (artifact id: '8cadece2128205a8f4392c05cdfed30c') in 0.032121 seconds 
========================================================================
Received Import Request.
  Time since last request: 0.000013 seconds.
  path: Assets/Resources/Texture/res_main/btn_room2.png
  artifactKey: Guid(600cb653e7b99ac478524b8d941076e3) Importer(815301076,1909f56bfc062723c751e8b465ee728b)
Start importing Assets/Resources/Texture/res_main/btn_room2.png using Guid(600cb653e7b99ac478524b8d941076e3) Importer(815301076,1909f56bfc062723c751e8b465ee728b)  -> (artifact id: '64f30d8bdf69cb93d18d5db9794a06c0') in 0.017627 seconds 
========================================================================
Received Import Request.
  Time since last request: 0.000021 seconds.
  path: Assets/Resources/Texture/res_main/btn_bg.png
  artifactKey: Guid(d04eb842625b8184caa37372a1b1930a) Importer(815301076,1909f56bfc062723c751e8b465ee728b)
Start importing Assets/Resources/Texture/res_main/btn_bg.png using Guid(d04eb842625b8184caa37372a1b1930a) Importer(815301076,1909f56bfc062723c751e8b465ee728b)  -> (artifact id: 'd3263e2082710a4a5573d9c06c9880c0') in 0.030178 seconds 
========================================================================
Received Import Request.
  Time since last request: 0.000045 seconds.
  path: Assets/Resources/Texture/res_main/btn_spin.png
  artifactKey: Guid(85975905b530e0548bb2cc083232fffa) Importer(815301076,1909f56bfc062723c751e8b465ee728b)
Start importing Assets/Resources/Texture/res_main/btn_spin.png using Guid(85975905b530e0548bb2cc083232fffa) Importer(815301076,1909f56bfc062723c751e8b465ee728b)  -> (artifact id: '06698639136a570fec083f1d2ee95e41') in 0.012098 seconds 
========================================================================
Received Import Request.
  Time since last request: 0.000017 seconds.
  path: Assets/Resources/Texture/res_main/btn_1.png
  artifactKey: Guid(6fea817414d092944b0e5aaec32fd183) Importer(815301076,1909f56bfc062723c751e8b465ee728b)
Start importing Assets/Resources/Texture/res_main/btn_1.png using Guid(6fea817414d092944b0e5aaec32fd183) Importer(815301076,1909f56bfc062723c751e8b465ee728b)  -> (artifact id: '9302dacf3379be52eceb0218b65930af') in 0.011324 seconds 
========================================================================
Received Import Request.
  Time since last request: 0.000019 seconds.
  path: Assets/Resources/Texture/res_main/icon_coin.png
  artifactKey: Guid(1bf9d8ea1753b564095e82df7ff8cb81) Importer(815301076,1909f56bfc062723c751e8b465ee728b)
Start importing Assets/Resources/Texture/res_main/icon_coin.png using Guid(1bf9d8ea1753b564095e82df7ff8cb81) Importer(815301076,1909f56bfc062723c751e8b465ee728b)  -> (artifact id: '81d685fe2cde5aded191c23f5ef5f503') in 0.006647 seconds 
========================================================================
Received Import Request.
  Time since last request: 0.000024 seconds.
  path: Assets/Resources/Texture/res_main/progressbar_bg.png
  artifactKey: Guid(8ee6f1997f7b63042981036bb8afc531) Importer(815301076,1909f56bfc062723c751e8b465ee728b)
Start importing Assets/Resources/Texture/res_main/progressbar_bg.png using Guid(8ee6f1997f7b63042981036bb8afc531) Importer(815301076,1909f56bfc062723c751e8b465ee728b)  -> (artifact id: '64d32e61329a610f746dbd9557acaa4a') in 0.008427 seconds 
========================================================================
Received Import Request.
  Time since last request: 0.000022 seconds.
  path: Assets/Resources/Texture/res_main/icon_bg.png
  artifactKey: Guid(83a63a24811537c4a867feafc219b3f2) Importer(815301076,1909f56bfc062723c751e8b465ee728b)
Start importing Assets/Resources/Texture/res_main/icon_bg.png using Guid(83a63a24811537c4a867feafc219b3f2) Importer(815301076,1909f56bfc062723c751e8b465ee728b)  -> (artifact id: '05cabe5b0aa4820559948fdcba31989f') in 0.007331 seconds 
========================================================================
Received Import Request.
  Time since last request: 0.000017 seconds.
  path: Assets/Resources/Texture/res_main/6.png
  artifactKey: Guid(32381945ccdfeb0499394984f9129ebb) Importer(815301076,1909f56bfc062723c751e8b465ee728b)
Start importing Assets/Resources/Texture/res_main/6.png using Guid(32381945ccdfeb0499394984f9129ebb) Importer(815301076,1909f56bfc062723c751e8b465ee728b)  -> (artifact id: '240782370dbf3397535a7d87b39864c9') in 0.011587 seconds 
========================================================================
Received Import Request.
  Time since last request: 0.000019 seconds.
  path: Assets/Resources/Texture/res_main/btn_2.png
  artifactKey: Guid(47c4d5e639504cc488a7e2071d1968ad) Importer(815301076,1909f56bfc062723c751e8b465ee728b)
Start importing Assets/Resources/Texture/res_main/btn_2.png using Guid(47c4d5e639504cc488a7e2071d1968ad) Importer(815301076,1909f56bfc062723c751e8b465ee728b)  -> (artifact id: '62e60a7f1f83c1bc43e78a84cc659dc2') in 0.011568 seconds 
Editor requested this worker to shutdown with reason: Scaling down because of idle timeout
AssetImportWorker is now disconnected from the server
Process exiting
Exiting without the bug reporter. Application will terminate with return code 0