Using pre-set license
Built from '2021.3/china_unity/release' branch; Version is '2021.3.18f1c1 (93698379025b) revision 9660803'; Using compiler version '192829333'; Build Type 'Release'
OS: 'Windows 11  (10.0.22621) 64bit Professional' Language: 'zh' Physical Memory: 65309 MB
BatchMode: 1, IsHumanControllingUs: 0, StartBugReporterOnCrash: 0, Is64bit: 1, IsPro: 1

COMMAND LINE ARGUMENTS:
D:\Program Files\Unity\Hub\Editor\2021.3.18f1c1\Editor\Unity.exe
-adb2
-batchMode
-noUpm
-name
AssetImportWorker1
-projectPath
E:/Unity/Project/PetDoctorSlots20348
-logFile
Logs/AssetImportWorker1.log
-srvPort
65082
Successfully changed project path to: E:/Unity/Project/PetDoctorSlots20348
E:/Unity/Project/PetDoctorSlots20348
[UnityMemory] Configuration Parameters - Can be set up in boot.config
    "memorysetup-bucket-allocator-granularity=16"
    "memorysetup-bucket-allocator-bucket-count=8"
    "memorysetup-bucket-allocator-block-size=33554432"
    "memorysetup-bucket-allocator-block-count=8"
    "memorysetup-main-allocator-block-size=16777216"
    "memorysetup-thread-allocator-block-size=16777216"
    "memorysetup-gfx-main-allocator-block-size=16777216"
    "memorysetup-gfx-thread-allocator-block-size=16777216"
    "memorysetup-cache-allocator-block-size=4194304"
    "memorysetup-typetree-allocator-block-size=2097152"
    "memorysetup-profiler-bucket-allocator-granularity=16"
    "memorysetup-profiler-bucket-allocator-bucket-count=8"
    "memorysetup-profiler-bucket-allocator-block-size=33554432"
    "memorysetup-profiler-bucket-allocator-block-count=8"
    "memorysetup-profiler-allocator-block-size=16777216"
    "memorysetup-profiler-editor-allocator-block-size=1048576"
    "memorysetup-temp-allocator-size-main=16777216"
    "memorysetup-job-temp-allocator-block-size=2097152"
    "memorysetup-job-temp-allocator-block-size-background=1048576"
    "memorysetup-job-temp-allocator-reduction-small-platforms=262144"
    "memorysetup-temp-allocator-size-background-worker=32768"
    "memorysetup-temp-allocator-size-job-worker=262144"
    "memorysetup-temp-allocator-size-preload-manager=33554432"
    "memorysetup-temp-allocator-size-nav-mesh-worker=65536"
    "memorysetup-temp-allocator-size-audio-worker=65536"
    "memorysetup-temp-allocator-size-cloud-worker=32768"
    "memorysetup-temp-allocator-size-gi-baking-worker=262144"
    "memorysetup-temp-allocator-size-gfx=262144"
Player connection [25884] Host "[IP] 172.17.19.92 [Port] 0 [Flags] 2 [Guid] 1146384597 [EditorId] 1146384597 [Version] 1048832 [Id] WindowsEditor(7,DESKTOP-M864CHM) [Debug] 1 [PackageName] WindowsEditor [ProjectName] Editor" joined multi-casting on [225.0.0.222:54997]...

Player connection [25884] Host "[IP] 172.17.19.92 [Port] 0 [Flags] 2 [Guid] 1146384597 [EditorId] 1146384597 [Version] 1048832 [Id] WindowsEditor(7,DESKTOP-M864CHM) [Debug] 1 [PackageName] WindowsEditor [ProjectName] Editor" joined alternative multi-casting on [225.0.0.222:34997]...

AS: AutoStreaming module initializing.
Refreshing native plugins compatible for Editor in 46.17 ms, found 4 plugins.
Preloading 0 native plugins for Editor in 0.00 ms.
Initialize engine version: 2021.3.18f1c1 (93698379025b)
[Subsystems] Discovering subsystems at path D:/Program Files/Unity/Hub/Editor/2021.3.18f1c1/Editor/Data/Resources/UnitySubsystems
[Subsystems] Discovering subsystems at path E:/Unity/Project/PetDoctorSlots20348/Assets
GfxDevice: creating device client; threaded=0; jobified=0
Direct3D:
    Version:  Direct3D 11.0 [level 11.1]
    Renderer: NVIDIA GeForce RTX 3050 (ID=0x2507)
    Vendor:   NVIDIA
    VRAM:     8056 MB
    Driver:   31.0.15.2756
Initialize mono
Mono path[0] = 'D:/Program Files/Unity/Hub/Editor/2021.3.18f1c1/Editor/Data/Managed'
Mono path[1] = 'D:/Program Files/Unity/Hub/Editor/2021.3.18f1c1/Editor/Data/MonoBleedingEdge/lib/mono/unityjit-win32'
Mono config path = 'D:/Program Files/Unity/Hub/Editor/2021.3.18f1c1/Editor/Data/MonoBleedingEdge/etc'
Using monoOptions --debugger-agent=transport=dt_socket,embedding=1,server=y,suspend=n,address=127.0.0.1:56292
Begin MonoManager ReloadAssembly
Registering precompiled unity dll's ...
Register platform support module: D:/Program Files/Unity/Hub/Editor/2021.3.18f1c1/Editor/Data/PlaybackEngines/WebGLSupport/UnityEditor.WebGL.Extensions.dll
Register platform support module: D:/Program Files/Unity/Hub/Editor/2021.3.18f1c1/Editor/Data/PlaybackEngines/AndroidPlayer/UnityEditor.Android.Extensions.dll
Register platform support module: D:/Program Files/Unity/Hub/Editor/2021.3.18f1c1/Editor/Data/PlaybackEngines/iOSSupport/UnityEditor.iOS.Extensions.dll
Register platform support module: D:/Program Files/Unity/Hub/Editor/2021.3.18f1c1/Editor/Data/PlaybackEngines/WindowsStandaloneSupport/UnityEditor.WindowsStandalone.Extensions.dll
Registered in 0.002253 seconds.
Native extension for WindowsStandalone target not found
[usbmuxd] Start listen thread
[usbmuxd] Listen thread started
Native extension for iOS target not found
Native extension for Android target not found
Unauthorized device detected, Id: 35193639940048C, please add debug authorization and reconnect.
UnityEngine.StackTraceUtility:ExtractStackTrace ()
UnityEngine.DebugLogHandler:LogFormat (UnityEngine.LogType,UnityEngine.Object,string,object[])
UnityEngine.Logger:LogFormat (UnityEngine.LogType,string,object[])
UnityEngine.Debug:LogFormat (string,object[])
UnityEditor.Android.AndroidDeploymentTargetsExtension:GetKnownTargets (UnityEditor.DeploymentTargets.IDeploymentTargetsMainThreadContext,UnityEditor.ProgressHandler)
UnityEditor.Android.TargetScanWorker:ScanSync ()
UnityEditor.Android.TargetExtension:OnUsbDevicesChanged (UnityEditor.Hardware.UsbDevice[])
UnityEditor.Android.TargetExtension:OnLoad ()
UnityEditor.Modules.ModuleManager:InitializePlatformSupportModules ()

Android Extension - Scanning For ADB Devices 224 ms
Native extension for WebGL target not found
Refreshing native plugins compatible for Editor in 45.56 ms, found 4 plugins.
Preloading 0 native plugins for Editor in 0.00 ms.
Mono: successfully reloaded assembly
- Completed reload, in  0.613 seconds
Domain Reload Profiling:
	ReloadAssembly (613ms)
		BeginReloadAssembly (43ms)
			ExecutionOrderSort (0ms)
			DisableScriptedObjects (0ms)
			BackupInstance (0ms)
			ReleaseScriptingObjects (0ms)
			CreateAndSetChildDomain (0ms)
		EndReloadAssembly (509ms)
			LoadAssemblies (42ms)
			RebuildTransferFunctionScriptingTraits (0ms)
			SetupTypeCache (64ms)
			ReleaseScriptCaches (0ms)
			RebuildScriptCaches (17ms)
			SetupLoadedEditorAssemblies (396ms)
				LogAssemblyErrors (0ms)
				InitializePlatformSupportModulesInManaged (267ms)
				SetLoadedEditorAssemblies (0ms)
				RefreshPlugins (46ms)
				BeforeProcessingInitializeOnLoad (1ms)
				ProcessInitializeOnLoadAttributes (53ms)
				ProcessInitializeOnLoadMethodAttributes (29ms)
				AfterProcessingInitializeOnLoad (0ms)
				EditorAssembliesLoaded (0ms)
			ExecutionOrderSort2 (0ms)
			AwakeInstancesAfterBackupRestoration (0ms)
Platform modules already initialized, skipping
Registering precompiled user dll's ...
Registered in 0.004915 seconds.
Begin MonoManager ReloadAssembly
Symbol file LoadedFromMemory doesn't match image E:\Unity\Project\PetDoctorSlots20348\Library\PackageCache\com.unity.visualscripting@1.8.0\Editor\VisualScripting.Core\Dependencies\YamlDotNet\Unity.VisualScripting.YamlDotNet.dll
Symbol file LoadedFromMemory doesn't match image E:\Unity\Project\PetDoctorSlots20348\Library\PackageCache\com.unity.visualscripting@1.8.0\Editor\VisualScripting.Core\Dependencies\DotNetZip\Unity.VisualScripting.IonicZip.dll
Native extension for WindowsStandalone target not found
Native extension for iOS target not found
Native extension for Android target not found
Native extension for WebGL target not found
Refreshing native plugins compatible for Editor in 45.17 ms, found 4 plugins.
Preloading 0 native plugins for Editor in 0.00 ms.
Mono: successfully reloaded assembly
- Completed reload, in  0.848 seconds
Domain Reload Profiling:
	ReloadAssembly (849ms)
		BeginReloadAssembly (69ms)
			ExecutionOrderSort (0ms)
			DisableScriptedObjects (4ms)
			BackupInstance (0ms)
			ReleaseScriptingObjects (0ms)
			CreateAndSetChildDomain (13ms)
		EndReloadAssembly (707ms)
			LoadAssemblies (53ms)
			RebuildTransferFunctionScriptingTraits (0ms)
			SetupTypeCache (168ms)
			ReleaseScriptCaches (0ms)
			RebuildScriptCaches (38ms)
			SetupLoadedEditorAssemblies (404ms)
				LogAssemblyErrors (0ms)
				InitializePlatformSupportModulesInManaged (18ms)
				SetLoadedEditorAssemblies (0ms)
				RefreshPlugins (45ms)
				BeforeProcessingInitializeOnLoad (52ms)
				ProcessInitializeOnLoadAttributes (263ms)
				ProcessInitializeOnLoadMethodAttributes (22ms)
				AfterProcessingInitializeOnLoad (5ms)
				EditorAssembliesLoaded (0ms)
			ExecutionOrderSort2 (0ms)
			AwakeInstancesAfterBackupRestoration (9ms)
Platform modules already initialized, skipping
========================================================================
Worker process is ready to serve import requests
Launched and connected shader compiler UnityShaderCompiler.exe after 0.05 seconds
Refreshing native plugins compatible for Editor in 0.52 ms, found 4 plugins.
Preloading 0 native plugins for Editor in 0.00 ms.
Unloading 3774 Unused Serialized files (Serialized files now loaded: 0)
Unloading 35 unused Assets / (56.6 KB). Loaded Objects now: 4237.
Memory consumption went from 150.1 MB to 150.0 MB.
Total: 2.638500 ms (FindLiveObjects: 0.214800 ms CreateObjectMapping: 0.084300 ms MarkObjects: 2.271300 ms  DeleteObjects: 0.066500 ms)

AssetImportParameters requested are different than current active one (requested -> active):
  custom:video-decoder-ogg-theora: a1e56fd34408186e4bbccfd4996cb3dc -> 
  custom:container-muxer-webm: aa71ff27fc2769a1b78a27578f13a17b -> 
  custom:container-demuxer-webm: 4f35f7cbe854078d1ac9338744f61a02 -> 
  custom:video-encoder-webm-vp8: eb34c28f22e8b96e1ab97ce403110664 -> 
  custom:audio-encoder-webm-vorbis: bf7c407c2cedff20999df2af8eb42d56 -> 
  custom:framework-win-MediaFoundation: 216162199b28c13a410421893ffa2e32 -> 
  custom:container-demuxer-ogg: 62fdf1f143b41e24485cea50d1cbac27 -> 
  custom:video-decoder-webm-vp8: 9c59270c3fd7afecdb556c50c9e8de78 -> 
  custom:audio-decoder-ogg-vorbis: bf7c407c2cedff20999df2af8eb42d56 -> 
========================================================================
Received Import Request.
  Time since last request: 2806.586428 seconds.
  path: Assets/Scenes/firstScene.unity
  artifactKey: Guid(64a49eb9e75e0a2469491ed997964313) Importer(815301076,1909f56bfc062723c751e8b465ee728b)
Start importing Assets/Scenes/firstScene.unity using Guid(64a49eb9e75e0a2469491ed997964313) Importer(815301076,1909f56bfc062723c751e8b465ee728b)  -> (artifact id: 'e49ef668a01175cb8a77f6b5585d0390') in 0.004984 seconds 
========================================================================
Received Import Request.
  Time since last request: 490.571392 seconds.
  path: Assets/Resources/UI/EventSystem.prefab
  artifactKey: Guid(1ded482c0148dcb488f6e4f73c7d069e) Importer(815301076,1909f56bfc062723c751e8b465ee728b)
Start importing Assets/Resources/UI/EventSystem.prefab using Guid(1ded482c0148dcb488f6e4f73c7d069e) Importer(815301076,1909f56bfc062723c751e8b465ee728b)  -> (artifact id: 'dc3a5ee9e363465362fb5163b40f05fb') in 0.027669 seconds 
========================================================================
Received Import Request.
  Time since last request: 0.000021 seconds.
  path: Assets/Resources/UI/panel_win.prefab
  artifactKey: Guid(3f1a27455d7714d4a89f9ad0d213ff3a) Importer(815301076,1909f56bfc062723c751e8b465ee728b)
Start importing Assets/Resources/UI/panel_win.prefab using Guid(3f1a27455d7714d4a89f9ad0d213ff3a) Importer(815301076,1909f56bfc062723c751e8b465ee728b)  -> (artifact id: '8f5cc3f242f74ec958d9068f58857903') in 0.008165 seconds 
========================================================================
Received Import Request.
  Time since last request: 1.644778 seconds.
  path: Assets/Resources/Prefab/ItemProp.prefab
  artifactKey: Guid(b798290a13f69204fb62c7036185684f) Importer(815301076,1909f56bfc062723c751e8b465ee728b)
Start importing Assets/Resources/Prefab/ItemProp.prefab using Guid(b798290a13f69204fb62c7036185684f) Importer(815301076,1909f56bfc062723c751e8b465ee728b)  -> (artifact id: '879ef32cd6d48672b61db0d0d73b2a0d') in 0.002746 seconds 
========================================================================
Received Import Request.
  Time since last request: 0.978570 seconds.
  path: Assets/Resources/AudioSound/button-3.wav
  artifactKey: Guid(bbcdbc2dc9217c2429052f8ebe4e873b) Importer(815301076,1909f56bfc062723c751e8b465ee728b)
Start importing Assets/Resources/AudioSound/button-3.wav using Guid(bbcdbc2dc9217c2429052f8ebe4e873b) Importer(815301076,1909f56bfc062723c751e8b465ee728b)  -> (artifact id: '4e888b3035f9bfee9d3b86e00478d50d') in 0.073289 seconds 
========================================================================
Received Import Request.
  Time since last request: 0.000018 seconds.
  path: Assets/Resources/AudioSound/button-11.wav
  artifactKey: Guid(83cac41c81f3ded43919474310dee240) Importer(815301076,1909f56bfc062723c751e8b465ee728b)
Start importing Assets/Resources/AudioSound/button-11.wav using Guid(83cac41c81f3ded43919474310dee240) Importer(815301076,1909f56bfc062723c751e8b465ee728b)  -> (artifact id: '7c28d2582f3ccc409d7e78e7f5cb7b25') in 0.004111 seconds 
========================================================================
Received Import Request.
  Time since last request: 2.144611 seconds.
  path: Assets/Textures/bg.png
  artifactKey: Guid(f4e3a3b69b974fb44ab3a97dd461273f) Importer(815301076,1909f56bfc062723c751e8b465ee728b)
Start importing Assets/Textures/bg.png using Guid(f4e3a3b69b974fb44ab3a97dd461273f) Importer(815301076,1909f56bfc062723c751e8b465ee728b)  -> (artifact id: 'fea86d3e0d48b1f4d837369eaea81ffc') in 0.127465 seconds 
========================================================================
Received Import Request.
  Time since last request: 524.091518 seconds.
  path: Assets/Textures/bg.png
  artifactKey: Guid(f4e3a3b69b974fb44ab3a97dd461273f) Importer(815301076,1909f56bfc062723c751e8b465ee728b)
Start importing Assets/Textures/bg.png using Guid(f4e3a3b69b974fb44ab3a97dd461273f) Importer(815301076,1909f56bfc062723c751e8b465ee728b)  -> (artifact id: 'a8aecdda7ffd3a9fdf53e3e47d523e50') in 0.102672 seconds 
========================================================================
Received Import Request.
  Time since last request: 0.000023 seconds.
  path: Assets/Textures/bg_slot.png
  artifactKey: Guid(9e7ad3a7bfdf2e14ca353fa02368b8f0) Importer(815301076,1909f56bfc062723c751e8b465ee728b)
Start importing Assets/Textures/bg_slot.png using Guid(9e7ad3a7bfdf2e14ca353fa02368b8f0) Importer(815301076,1909f56bfc062723c751e8b465ee728b)  -> (artifact id: '70b928d9dbe1f8ab5685bb236bf429d2') in 0.064999 seconds 
========================================================================
Received Prepare
Refreshing native plugins compatible for Editor in 2.92 ms, found 4 plugins.
Preloading 0 native plugins for Editor in 0.00 ms.
Unloading 22 Unused Serialized files (Serialized files now loaded: 0)
Unloading 22 unused Assets / (21.9 KB). Loaded Objects now: 4260.
Memory consumption went from 77.2 MB to 77.2 MB.
Total: 3.284700 ms (FindLiveObjects: 0.214900 ms CreateObjectMapping: 0.091500 ms MarkObjects: 2.964400 ms  DeleteObjects: 0.013400 ms)

AssetImportParameters requested are different than current active one (requested -> active):
  custom:video-decoder-ogg-theora: a1e56fd34408186e4bbccfd4996cb3dc -> 
  custom:container-muxer-webm: aa71ff27fc2769a1b78a27578f13a17b -> 
  custom:container-demuxer-webm: 4f35f7cbe854078d1ac9338744f61a02 -> 
  custom:video-encoder-webm-vp8: eb34c28f22e8b96e1ab97ce403110664 -> 
  custom:audio-encoder-webm-vorbis: bf7c407c2cedff20999df2af8eb42d56 -> 
  custom:framework-win-MediaFoundation: 216162199b28c13a410421893ffa2e32 -> 
  custom:container-demuxer-ogg: 62fdf1f143b41e24485cea50d1cbac27 -> 
  custom:video-decoder-webm-vp8: 9c59270c3fd7afecdb556c50c9e8de78 -> 
  custom:audio-decoder-ogg-vorbis: bf7c407c2cedff20999df2af8eb42d56 -> 
========================================================================
Received Prepare
Refreshing native plugins compatible for Editor in 2.87 ms, found 4 plugins.
Preloading 0 native plugins for Editor in 0.00 ms.
Unloading 22 Unused Serialized files (Serialized files now loaded: 0)
Unloading 22 unused Assets / (22.0 KB). Loaded Objects now: 4260.
Memory consumption went from 77.2 MB to 77.2 MB.
Total: 2.568000 ms (FindLiveObjects: 0.196700 ms CreateObjectMapping: 0.090200 ms MarkObjects: 2.268700 ms  DeleteObjects: 0.012000 ms)

AssetImportParameters requested are different than current active one (requested -> active):
  custom:video-decoder-ogg-theora: a1e56fd34408186e4bbccfd4996cb3dc -> 
  custom:container-muxer-webm: aa71ff27fc2769a1b78a27578f13a17b -> 
  custom:container-demuxer-webm: 4f35f7cbe854078d1ac9338744f61a02 -> 
  custom:video-encoder-webm-vp8: eb34c28f22e8b96e1ab97ce403110664 -> 
  custom:audio-encoder-webm-vorbis: bf7c407c2cedff20999df2af8eb42d56 -> 
  custom:framework-win-MediaFoundation: 216162199b28c13a410421893ffa2e32 -> 
  custom:container-demuxer-ogg: 62fdf1f143b41e24485cea50d1cbac27 -> 
  custom:video-decoder-webm-vp8: 9c59270c3fd7afecdb556c50c9e8de78 -> 
  custom:audio-decoder-ogg-vorbis: bf7c407c2cedff20999df2af8eb42d56 -> 
========================================================================
Received Import Request.
  Time since last request: 45.483488 seconds.
  path: Assets/Textures/bg.png
  artifactKey: Guid(f4e3a3b69b974fb44ab3a97dd461273f) Importer(815301076,1909f56bfc062723c751e8b465ee728b)
Start importing Assets/Textures/bg.png using Guid(f4e3a3b69b974fb44ab3a97dd461273f) Importer(815301076,1909f56bfc062723c751e8b465ee728b)  -> (artifact id: '4a1bf3a0668cf64cd980503e8bd7b214') in 0.142704 seconds 
========================================================================
Received Import Request.
  Time since last request: 0.000021 seconds.
  path: Assets/Textures/bg_slot.png
  artifactKey: Guid(9e7ad3a7bfdf2e14ca353fa02368b8f0) Importer(815301076,1909f56bfc062723c751e8b465ee728b)
Start importing Assets/Textures/bg_slot.png using Guid(9e7ad3a7bfdf2e14ca353fa02368b8f0) Importer(815301076,1909f56bfc062723c751e8b465ee728b)  -> (artifact id: '754286776af327facebdc2cf99b75bb4') in 0.060141 seconds 
========================================================================
Received Prepare
Registering precompiled user dll's ...
Registered in 0.006122 seconds.
Begin MonoManager ReloadAssembly
Symbol file LoadedFromMemory doesn't match image E:\Unity\Project\PetDoctorSlots20348\Library\PackageCache\com.unity.visualscripting@1.8.0\Editor\VisualScripting.Core\Dependencies\YamlDotNet\Unity.VisualScripting.YamlDotNet.dll
Symbol file LoadedFromMemory doesn't match image E:\Unity\Project\PetDoctorSlots20348\Library\PackageCache\com.unity.visualscripting@1.8.0\Editor\VisualScripting.Core\Dependencies\DotNetZip\Unity.VisualScripting.IonicZip.dll
Native extension for WindowsStandalone target not found
Native extension for iOS target not found
Native extension for Android target not found
Native extension for WebGL target not found
Refreshing native plugins compatible for Editor in 0.64 ms, found 4 plugins.
Preloading 0 native plugins for Editor in 0.00 ms.
Mono: successfully reloaded assembly
- Completed reload, in  0.700 seconds
Domain Reload Profiling:
	ReloadAssembly (700ms)
		BeginReloadAssembly (96ms)
			ExecutionOrderSort (0ms)
			DisableScriptedObjects (4ms)
			BackupInstance (0ms)
			ReleaseScriptingObjects (0ms)
			CreateAndSetChildDomain (34ms)
		EndReloadAssembly (545ms)
			LoadAssemblies (54ms)
			RebuildTransferFunctionScriptingTraits (0ms)
			SetupTypeCache (140ms)
			ReleaseScriptCaches (1ms)
			RebuildScriptCaches (27ms)
			SetupLoadedEditorAssemblies (293ms)
				LogAssemblyErrors (0ms)
				InitializePlatformSupportModulesInManaged (21ms)
				SetLoadedEditorAssemblies (0ms)
				RefreshPlugins (1ms)
				BeforeProcessingInitializeOnLoad (40ms)
				ProcessInitializeOnLoadAttributes (208ms)
				ProcessInitializeOnLoadMethodAttributes (19ms)
				AfterProcessingInitializeOnLoad (4ms)
				EditorAssembliesLoaded (0ms)
			ExecutionOrderSort2 (0ms)
			AwakeInstancesAfterBackupRestoration (8ms)
Platform modules already initialized, skipping
Refreshing native plugins compatible for Editor in 1.41 ms, found 4 plugins.
Preloading 0 native plugins for Editor in 0.00 ms.
Unloading 3750 Unused Serialized files (Serialized files now loaded: 0)
Unloading 22 unused Assets / (24.7 KB). Loaded Objects now: 4262.
Memory consumption went from 151.9 MB to 151.9 MB.
Total: 2.452800 ms (FindLiveObjects: 0.180700 ms CreateObjectMapping: 0.075700 ms MarkObjects: 2.177500 ms  DeleteObjects: 0.017900 ms)

AssetImportParameters requested are different than current active one (requested -> active):
  custom:video-decoder-ogg-theora: a1e56fd34408186e4bbccfd4996cb3dc -> 
  custom:container-muxer-webm: aa71ff27fc2769a1b78a27578f13a17b -> 
  custom:container-demuxer-webm: 4f35f7cbe854078d1ac9338744f61a02 -> 
  custom:video-encoder-webm-vp8: eb34c28f22e8b96e1ab97ce403110664 -> 
  custom:audio-encoder-webm-vorbis: bf7c407c2cedff20999df2af8eb42d56 -> 
  custom:framework-win-MediaFoundation: 216162199b28c13a410421893ffa2e32 -> 
  custom:container-demuxer-ogg: 62fdf1f143b41e24485cea50d1cbac27 -> 
  custom:video-decoder-webm-vp8: 9c59270c3fd7afecdb556c50c9e8de78 -> 
  custom:audio-decoder-ogg-vorbis: bf7c407c2cedff20999df2af8eb42d56 -> 
========================================================================
Received Import Request.
  Time since last request: 1757.070912 seconds.
  path: Assets/Resources/AudioSound/button-3.wav
  artifactKey: Guid(bbcdbc2dc9217c2429052f8ebe4e873b) Importer(815301076,1909f56bfc062723c751e8b465ee728b)
Start importing Assets/Resources/AudioSound/button-3.wav using Guid(bbcdbc2dc9217c2429052f8ebe4e873b) Importer(815301076,1909f56bfc062723c751e8b465ee728b)  -> (artifact id: '39ded734fd1c17ba17912b32ae52824c') in 0.035646 seconds 
========================================================================
Received Import Request.
  Time since last request: 0.000098 seconds.
  path: Assets/Resources/AudioSound/button-11.wav
  artifactKey: Guid(83cac41c81f3ded43919474310dee240) Importer(815301076,1909f56bfc062723c751e8b465ee728b)
Start importing Assets/Resources/AudioSound/button-11.wav using Guid(83cac41c81f3ded43919474310dee240) Importer(815301076,1909f56bfc062723c751e8b465ee728b)  -> (artifact id: 'c014e6698bdc11d8052a4a42831deb4e') in 0.054178 seconds 
========================================================================
Received Import Request.
  Time since last request: 7.328222 seconds.
  path: Assets/Resources/Texture/res_main/2.png
  artifactKey: Guid(fc1c84b532dbd194fb273e712dfcf8b9) Importer(815301076,1909f56bfc062723c751e8b465ee728b)
Start importing Assets/Resources/Texture/res_main/2.png using Guid(fc1c84b532dbd194fb273e712dfcf8b9) Importer(815301076,1909f56bfc062723c751e8b465ee728b)  -> (artifact id: '243cc6602be20838ea3fb31852077848') in 0.030557 seconds 
========================================================================
Received Import Request.
  Time since last request: 0.243612 seconds.
  path: Assets/Resources/Texture/res_main/5.png
  artifactKey: Guid(3330c8b3a93a7f147831abefac487f05) Importer(815301076,1909f56bfc062723c751e8b465ee728b)
Start importing Assets/Resources/Texture/res_main/5.png using Guid(3330c8b3a93a7f147831abefac487f05) Importer(815301076,1909f56bfc062723c751e8b465ee728b)  -> (artifact id: 'e86cc31376cd9eac4b25acf39f001e41') in 0.011937 seconds 
========================================================================
Received Import Request.
  Time since last request: 0.008536 seconds.
  path: Assets/Resources/Texture/res_main/bg_mb.png
  artifactKey: Guid(198b7dc0c14bc4b4aa90aa49c2be416c) Importer(815301076,1909f56bfc062723c751e8b465ee728b)
Start importing Assets/Resources/Texture/res_main/bg_mb.png using Guid(198b7dc0c14bc4b4aa90aa49c2be416c) Importer(815301076,1909f56bfc062723c751e8b465ee728b)  -> (artifact id: '4658b964e1fd5df3fdbd3bddf4b53086') in 0.012947 seconds 
========================================================================
Received Import Request.
  Time since last request: 0.000022 seconds.
  path: Assets/Resources/Texture/res_main/btn_4.png
  artifactKey: Guid(cfec28eab4af24d47ac0420d9166f9a2) Importer(815301076,1909f56bfc062723c751e8b465ee728b)
Start importing Assets/Resources/Texture/res_main/btn_4.png using Guid(cfec28eab4af24d47ac0420d9166f9a2) Importer(815301076,1909f56bfc062723c751e8b465ee728b)  -> (artifact id: 'b59bf2f87112fc80c785ec264e870dfe') in 0.038291 seconds 
========================================================================
Received Import Request.
  Time since last request: 0.000027 seconds.
  path: Assets/Resources/Texture/res_main/btn_music.png
  artifactKey: Guid(b8f17c5e3fd96034b99a931267db6530) Importer(815301076,1909f56bfc062723c751e8b465ee728b)
Start importing Assets/Resources/Texture/res_main/btn_music.png using Guid(b8f17c5e3fd96034b99a931267db6530) Importer(815301076,1909f56bfc062723c751e8b465ee728b)  -> (artifact id: '8ed3d9a53510197928ee76fac0aaad59') in 0.014735 seconds 
========================================================================
Received Import Request.
  Time since last request: 0.000026 seconds.
  path: Assets/Resources/Texture/res_main/progressbar.png
  artifactKey: Guid(9e130ea128b0f4b4cbbef263a9a64269) Importer(815301076,1909f56bfc062723c751e8b465ee728b)
Start importing Assets/Resources/Texture/res_main/progressbar.png using Guid(9e130ea128b0f4b4cbbef263a9a64269) Importer(815301076,1909f56bfc062723c751e8b465ee728b)  -> (artifact id: 'f0be410dd6ab56dca4ed0da16d34f7c1') in 0.024199 seconds 
========================================================================
Received Import Request.
  Time since last request: 0.000031 seconds.
  path: Assets/Resources/Texture/res_main/btn_back.png
  artifactKey: Guid(58a8b165a178fbd46878b63f803c989f) Importer(815301076,1909f56bfc062723c751e8b465ee728b)
Start importing Assets/Resources/Texture/res_main/btn_back.png using Guid(58a8b165a178fbd46878b63f803c989f) Importer(815301076,1909f56bfc062723c751e8b465ee728b)  -> (artifact id: 'cc454cae582828bf835e3edef7bf3cc4') in 0.009176 seconds 
========================================================================
Received Import Request.
  Time since last request: 0.000024 seconds.
  path: Assets/Resources/Texture/res_main/4.png
  artifactKey: Guid(3fb3579b2be5db0408350d43087d2e4d) Importer(815301076,1909f56bfc062723c751e8b465ee728b)
Start importing Assets/Resources/Texture/res_main/4.png using Guid(3fb3579b2be5db0408350d43087d2e4d) Importer(815301076,1909f56bfc062723c751e8b465ee728b)  -> (artifact id: '4c62211344d4fac4d633aa046c843bb3') in 0.012624 seconds 
========================================================================
Received Import Request.
  Time since last request: 0.000017 seconds.
  path: Assets/Resources/Texture/res_main/btn_room1.png
  artifactKey: Guid(8ef743dd0fcd0644c9d6781ade17da74) Importer(815301076,1909f56bfc062723c751e8b465ee728b)
Start importing Assets/Resources/Texture/res_main/btn_room1.png using Guid(8ef743dd0fcd0644c9d6781ade17da74) Importer(815301076,1909f56bfc062723c751e8b465ee728b)  -> (artifact id: 'c867dc749d2f7e2acb55fcd3d9764321') in 0.010785 seconds 
========================================================================
Received Import Request.
  Time since last request: 0.000028 seconds.
  path: Assets/Resources/Texture/res_main/btn_5.png
  artifactKey: Guid(9256e46178868f8469dad317200966d5) Importer(815301076,1909f56bfc062723c751e8b465ee728b)
Start importing Assets/Resources/Texture/res_main/btn_5.png using Guid(9256e46178868f8469dad317200966d5) Importer(815301076,1909f56bfc062723c751e8b465ee728b)  -> (artifact id: '77933c04afcaa961f80150d954841196') in 0.011583 seconds 
========================================================================
Received Import Request.
  Time since last request: 0.000019 seconds.
  path: Assets/Resources/Texture/res_main/btn_6.png
  artifactKey: Guid(383512e2558700b4f9f077d2d680bbad) Importer(815301076,1909f56bfc062723c751e8b465ee728b)
Start importing Assets/Resources/Texture/res_main/btn_6.png using Guid(383512e2558700b4f9f077d2d680bbad) Importer(815301076,1909f56bfc062723c751e8b465ee728b)  -> (artifact id: 'ba2d6a26233af4178e8ec8cec0c906f4') in 0.012041 seconds 
========================================================================
Received Import Request.
  Time since last request: 0.000016 seconds.
  path: Assets/Resources/Texture/res_main/btn_room3.png
  artifactKey: Guid(76b3661bcacce9a44825614535cdaa8c) Importer(815301076,1909f56bfc062723c751e8b465ee728b)
Start importing Assets/Resources/Texture/res_main/btn_room3.png using Guid(76b3661bcacce9a44825614535cdaa8c) Importer(815301076,1909f56bfc062723c751e8b465ee728b)  -> (artifact id: 'bdde46bbc35752b7991343ad6bc23dc8') in 0.008759 seconds 
Editor requested this worker to shutdown with reason: Scaling down because of idle timeout
AssetImportWorker is now disconnected from the server
Process exiting
Exiting without the bug reporter. Application will terminate with return code 0