Using pre-set license
Built from '2021.3/china_unity/release' branch; Version is '2021.3.18f1c1 (93698379025b) revision 9660803'; Using compiler version '192829333'; Build Type 'Release'
OS: 'Windows 11  (10.0.22621) 64bit Professional' Language: 'zh' Physical Memory: 65309 MB
BatchMode: 1, IsHumanControllingUs: 0, StartBugReporterOnCrash: 0, Is64bit: 1, IsPro: 1

COMMAND LINE ARGUMENTS:
D:\Program Files\Unity\Hub\Editor\2021.3.18f1c1\Editor\Unity.exe
-adb2
-batchMode
-noUpm
-name
AssetImportWorker5
-projectPath
E:/Unity/Project/AmusedSlots20165
-logFile
Logs/AssetImportWorker5.log
-srvPort
59946
Successfully changed project path to: E:/Unity/Project/AmusedSlots20165
E:/Unity/Project/AmusedSlots20165
[UnityMemory] Configuration Parameters - Can be set up in boot.config
    "memorysetup-bucket-allocator-granularity=16"
    "memorysetup-bucket-allocator-bucket-count=8"
    "memorysetup-bucket-allocator-block-size=33554432"
    "memorysetup-bucket-allocator-block-count=8"
    "memorysetup-main-allocator-block-size=16777216"
    "memorysetup-thread-allocator-block-size=16777216"
    "memorysetup-gfx-main-allocator-block-size=16777216"
    "memorysetup-gfx-thread-allocator-block-size=16777216"
    "memorysetup-cache-allocator-block-size=4194304"
    "memorysetup-typetree-allocator-block-size=2097152"
    "memorysetup-profiler-bucket-allocator-granularity=16"
    "memorysetup-profiler-bucket-allocator-bucket-count=8"
    "memorysetup-profiler-bucket-allocator-block-size=33554432"
    "memorysetup-profiler-bucket-allocator-block-count=8"
    "memorysetup-profiler-allocator-block-size=16777216"
    "memorysetup-profiler-editor-allocator-block-size=1048576"
    "memorysetup-temp-allocator-size-main=16777216"
    "memorysetup-job-temp-allocator-block-size=2097152"
    "memorysetup-job-temp-allocator-block-size-background=1048576"
    "memorysetup-job-temp-allocator-reduction-small-platforms=262144"
    "memorysetup-temp-allocator-size-background-worker=32768"
    "memorysetup-temp-allocator-size-job-worker=262144"
    "memorysetup-temp-allocator-size-preload-manager=33554432"
    "memorysetup-temp-allocator-size-nav-mesh-worker=65536"
    "memorysetup-temp-allocator-size-audio-worker=65536"
    "memorysetup-temp-allocator-size-cloud-worker=32768"
    "memorysetup-temp-allocator-size-gi-baking-worker=262144"
    "memorysetup-temp-allocator-size-gfx=262144"
Player connection [19424] Host "[IP] 172.17.19.92 [Port] 0 [Flags] 2 [Guid] 2586816909 [EditorId] 2586816909 [Version] 1048832 [Id] WindowsEditor(7,DESKTOP-M864CHM) [Debug] 1 [PackageName] WindowsEditor [ProjectName] Editor" joined multi-casting on [225.0.0.222:54997]...

Player connection [19424] Host "[IP] 172.17.19.92 [Port] 0 [Flags] 2 [Guid] 2586816909 [EditorId] 2586816909 [Version] 1048832 [Id] WindowsEditor(7,DESKTOP-M864CHM) [Debug] 1 [PackageName] WindowsEditor [ProjectName] Editor" joined alternative multi-casting on [225.0.0.222:34997]...

AS: AutoStreaming module initializing.
Refreshing native plugins compatible for Editor in 62.77 ms, found 4 plugins.
Preloading 0 native plugins for Editor in 0.00 ms.
Initialize engine version: 2021.3.18f1c1 (93698379025b)
[Subsystems] Discovering subsystems at path D:/Program Files/Unity/Hub/Editor/2021.3.18f1c1/Editor/Data/Resources/UnitySubsystems
[Subsystems] Discovering subsystems at path E:/Unity/Project/AmusedSlots20165/Assets
GfxDevice: creating device client; threaded=0; jobified=0
Direct3D:
    Version:  Direct3D 11.0 [level 11.1]
    Renderer: NVIDIA GeForce RTX 3050 (ID=0x2507)
    Vendor:   NVIDIA
    VRAM:     8056 MB
    Driver:   31.0.15.2756
Initialize mono
Mono path[0] = 'D:/Program Files/Unity/Hub/Editor/2021.3.18f1c1/Editor/Data/Managed'
Mono path[1] = 'D:/Program Files/Unity/Hub/Editor/2021.3.18f1c1/Editor/Data/MonoBleedingEdge/lib/mono/unityjit-win32'
Mono config path = 'D:/Program Files/Unity/Hub/Editor/2021.3.18f1c1/Editor/Data/MonoBleedingEdge/etc'
Using monoOptions --debugger-agent=transport=dt_socket,embedding=1,server=y,suspend=n,address=127.0.0.1:56732
Begin MonoManager ReloadAssembly
Registering precompiled unity dll's ...
Register platform support module: D:/Program Files/Unity/Hub/Editor/2021.3.18f1c1/Editor/Data/PlaybackEngines/WebGLSupport/UnityEditor.WebGL.Extensions.dll
Register platform support module: D:/Program Files/Unity/Hub/Editor/2021.3.18f1c1/Editor/Data/PlaybackEngines/AndroidPlayer/UnityEditor.Android.Extensions.dll
Register platform support module: D:/Program Files/Unity/Hub/Editor/2021.3.18f1c1/Editor/Data/PlaybackEngines/iOSSupport/UnityEditor.iOS.Extensions.dll
Register platform support module: D:/Program Files/Unity/Hub/Editor/2021.3.18f1c1/Editor/Data/PlaybackEngines/WindowsStandaloneSupport/UnityEditor.WindowsStandalone.Extensions.dll
Registered in 0.002819 seconds.
Native extension for WindowsStandalone target not found
[usbmuxd] Start listen thread
[usbmuxd] Listen thread started
Native extension for iOS target not found
Native extension for Android target not found
Android Extension - Scanning For ADB Devices 239 ms
Native extension for WebGL target not found
Refreshing native plugins compatible for Editor in 48.54 ms, found 4 plugins.
Preloading 0 native plugins for Editor in 0.00 ms.
Mono: successfully reloaded assembly
- Completed reload, in  0.786 seconds
Domain Reload Profiling:
	ReloadAssembly (786ms)
		BeginReloadAssembly (68ms)
			ExecutionOrderSort (0ms)
			DisableScriptedObjects (0ms)
			BackupInstance (0ms)
			ReleaseScriptingObjects (0ms)
			CreateAndSetChildDomain (1ms)
		EndReloadAssembly (632ms)
			LoadAssemblies (67ms)
			RebuildTransferFunctionScriptingTraits (0ms)
			SetupTypeCache (96ms)
			ReleaseScriptCaches (0ms)
			RebuildScriptCaches (19ms)
			SetupLoadedEditorAssemblies (477ms)
				LogAssemblyErrors (0ms)
				InitializePlatformSupportModulesInManaged (295ms)
				SetLoadedEditorAssemblies (0ms)
				RefreshPlugins (49ms)
				BeforeProcessingInitializeOnLoad (1ms)
				ProcessInitializeOnLoadAttributes (93ms)
				ProcessInitializeOnLoadMethodAttributes (39ms)
				AfterProcessingInitializeOnLoad (0ms)
				EditorAssembliesLoaded (0ms)
			ExecutionOrderSort2 (0ms)
			AwakeInstancesAfterBackupRestoration (0ms)
Platform modules already initialized, skipping
Registering precompiled user dll's ...
Registered in 0.004921 seconds.
Begin MonoManager ReloadAssembly
Symbol file LoadedFromMemory doesn't match image E:\Unity\Project\AmusedSlots20165\Library\PackageCache\com.unity.visualscripting@1.8.0\Editor\VisualScripting.Core\Dependencies\YamlDotNet\Unity.VisualScripting.YamlDotNet.dll
Symbol file LoadedFromMemory doesn't match image E:\Unity\Project\AmusedSlots20165\Library\PackageCache\com.unity.visualscripting@1.8.0\Editor\VisualScripting.Core\Dependencies\DotNetZip\Unity.VisualScripting.IonicZip.dll
Native extension for WindowsStandalone target not found
Native extension for iOS target not found
Native extension for Android target not found
Native extension for WebGL target not found
Refreshing native plugins compatible for Editor in 51.72 ms, found 4 plugins.
Preloading 0 native plugins for Editor in 0.00 ms.
Mono: successfully reloaded assembly
- Completed reload, in  0.939 seconds
Domain Reload Profiling:
	ReloadAssembly (939ms)
		BeginReloadAssembly (69ms)
			ExecutionOrderSort (0ms)
			DisableScriptedObjects (3ms)
			BackupInstance (0ms)
			ReleaseScriptingObjects (0ms)
			CreateAndSetChildDomain (13ms)
		EndReloadAssembly (786ms)
			LoadAssemblies (75ms)
			RebuildTransferFunctionScriptingTraits (0ms)
			SetupTypeCache (200ms)
			ReleaseScriptCaches (0ms)
			RebuildScriptCaches (48ms)
			SetupLoadedEditorAssemblies (413ms)
				LogAssemblyErrors (0ms)
				InitializePlatformSupportModulesInManaged (17ms)
				SetLoadedEditorAssemblies (0ms)
				RefreshPlugins (52ms)
				BeforeProcessingInitializeOnLoad (54ms)
				ProcessInitializeOnLoadAttributes (263ms)
				ProcessInitializeOnLoadMethodAttributes (24ms)
				AfterProcessingInitializeOnLoad (4ms)
				EditorAssembliesLoaded (0ms)
			ExecutionOrderSort2 (0ms)
			AwakeInstancesAfterBackupRestoration (6ms)
Platform modules already initialized, skipping
========================================================================
Worker process is ready to serve import requests
Launched and connected shader compiler UnityShaderCompiler.exe after 0.04 seconds
Refreshing native plugins compatible for Editor in 0.73 ms, found 4 plugins.
Preloading 0 native plugins for Editor in 0.00 ms.
Unloading 3774 Unused Serialized files (Serialized files now loaded: 0)
Unloading 35 unused Assets / (56.6 KB). Loaded Objects now: 4237.
Memory consumption went from 149.9 MB to 149.9 MB.
Total: 2.329600 ms (FindLiveObjects: 0.187300 ms CreateObjectMapping: 0.081700 ms MarkObjects: 2.002100 ms  DeleteObjects: 0.057900 ms)

AssetImportParameters requested are different than current active one (requested -> active):
  custom:video-decoder-ogg-theora: a1e56fd34408186e4bbccfd4996cb3dc -> 
  custom:container-muxer-webm: aa71ff27fc2769a1b78a27578f13a17b -> 
  custom:container-demuxer-webm: 4f35f7cbe854078d1ac9338744f61a02 -> 
  custom:video-encoder-webm-vp8: eb34c28f22e8b96e1ab97ce403110664 -> 
  custom:audio-encoder-webm-vorbis: bf7c407c2cedff20999df2af8eb42d56 -> 
  custom:framework-win-MediaFoundation: 216162199b28c13a410421893ffa2e32 -> 
  custom:container-demuxer-ogg: 62fdf1f143b41e24485cea50d1cbac27 -> 
  custom:video-decoder-webm-vp8: 9c59270c3fd7afecdb556c50c9e8de78 -> 
  custom:audio-decoder-ogg-vorbis: bf7c407c2cedff20999df2af8eb42d56 -> 
========================================================================
Received Import Request.
  Time since last request: 5336.843680 seconds.
  path: Assets/Resources/Texture/res_result/bg_win.png
  artifactKey: Guid(8d5220568259c264082c5074926f5219) Importer(815301076,1909f56bfc062723c751e8b465ee728b)
Start importing Assets/Resources/Texture/res_result/bg_win.png using Guid(8d5220568259c264082c5074926f5219) Importer(815301076,1909f56bfc062723c751e8b465ee728b)  -> (artifact id: 'f0f5bb3284ea1feb53e23b1913e0a772') in 0.095202 seconds 
========================================================================
Received Import Request.
  Time since last request: 0.000022 seconds.
  path: Assets/Resources/Texture/res_result/btn_finish.png
  artifactKey: Guid(81b7f7f534bbae940a94eb46d04ab618) Importer(815301076,1909f56bfc062723c751e8b465ee728b)
Start importing Assets/Resources/Texture/res_result/btn_finish.png using Guid(81b7f7f534bbae940a94eb46d04ab618) Importer(815301076,1909f56bfc062723c751e8b465ee728b)  -> (artifact id: 'b4258de245244d6017bf44e60298c097') in 0.022513 seconds 
========================================================================
Received Import Request.
  Time since last request: 0.000019 seconds.
  path: Assets/Resources/Texture/res_result/btn_start.png
  artifactKey: Guid(42ce1f4579bd1844eb035bc15a7fdcdf) Importer(815301076,1909f56bfc062723c751e8b465ee728b)
Start importing Assets/Resources/Texture/res_result/btn_start.png using Guid(42ce1f4579bd1844eb035bc15a7fdcdf) Importer(815301076,1909f56bfc062723c751e8b465ee728b)  -> (artifact id: '14f4730a8c7916a2ce693018d8d423ff') in 0.028988 seconds 
========================================================================
Received Import Request.
  Time since last request: 120.501525 seconds.
  path: Assets/Resources/Texture/res_result/btn_finish.png
  artifactKey: Guid(81b7f7f534bbae940a94eb46d04ab618) Importer(815301076,1909f56bfc062723c751e8b465ee728b)
Start importing Assets/Resources/Texture/res_result/btn_finish.png using Guid(81b7f7f534bbae940a94eb46d04ab618) Importer(815301076,1909f56bfc062723c751e8b465ee728b)  -> (artifact id: 'd859434aa33b0c603c979f21e7a1e695') in 0.020376 seconds 
========================================================================
Received Import Request.
  Time since last request: 0.000021 seconds.
  path: Assets/Resources/Texture/res_result/btn_start.png
  artifactKey: Guid(42ce1f4579bd1844eb035bc15a7fdcdf) Importer(815301076,1909f56bfc062723c751e8b465ee728b)
Start importing Assets/Resources/Texture/res_result/btn_start.png using Guid(42ce1f4579bd1844eb035bc15a7fdcdf) Importer(815301076,1909f56bfc062723c751e8b465ee728b)  -> (artifact id: '554ec38230003d7a296d52844d30fdb1') in 0.008437 seconds 
========================================================================
Received Import Request.
  Time since last request: 11788.882678 seconds.
  path: Assets/Textures/bg.png
  artifactKey: Guid(f4e3a3b69b974fb44ab3a97dd461273f) Importer(815301076,1909f56bfc062723c751e8b465ee728b)
Start importing Assets/Textures/bg.png using Guid(f4e3a3b69b974fb44ab3a97dd461273f) Importer(815301076,1909f56bfc062723c751e8b465ee728b)  -> (artifact id: '837439f05d8c67e584edd4af6cb9604f') in 0.105163 seconds 
========================================================================
Received Import Request.
  Time since last request: 245.009094 seconds.
  path: Assets/Resources/Texture/res_main/2.png
  artifactKey: Guid(fc1c84b532dbd194fb273e712dfcf8b9) Importer(815301076,1909f56bfc062723c751e8b465ee728b)
Start importing Assets/Resources/Texture/res_main/2.png using Guid(fc1c84b532dbd194fb273e712dfcf8b9) Importer(815301076,1909f56bfc062723c751e8b465ee728b)  -> (artifact id: '3747a9b87cb12c7e3ec213ba77673d32') in 0.018603 seconds 
========================================================================
Received Import Request.
  Time since last request: 0.249053 seconds.
  path: Assets/Resources/Texture/res_main/3.png
  artifactKey: Guid(5ce29e46cddeab94aac35b68d87720ec) Importer(815301076,1909f56bfc062723c751e8b465ee728b)
Start importing Assets/Resources/Texture/res_main/3.png using Guid(5ce29e46cddeab94aac35b68d87720ec) Importer(815301076,1909f56bfc062723c751e8b465ee728b)  -> (artifact id: '98ce81a6233819610568eea81f79c603') in 0.014159 seconds 
========================================================================
Received Import Request.
  Time since last request: 0.005850 seconds.
  path: Assets/Resources/Texture/res_main/bg_slot.png
  artifactKey: Guid(aa6905169d5ab9f42b79ded0d795533f) Importer(815301076,1909f56bfc062723c751e8b465ee728b)
Start importing Assets/Resources/Texture/res_main/bg_slot.png using Guid(aa6905169d5ab9f42b79ded0d795533f) Importer(815301076,1909f56bfc062723c751e8b465ee728b)  -> (artifact id: '58640ac67f61fd4760706ff3b73fc87f') in 0.118934 seconds 
========================================================================
Received Import Request.
  Time since last request: 0.000030 seconds.
  path: Assets/Resources/Texture/res_main/4.png
  artifactKey: Guid(3fb3579b2be5db0408350d43087d2e4d) Importer(815301076,1909f56bfc062723c751e8b465ee728b)
Start importing Assets/Resources/Texture/res_main/4.png using Guid(3fb3579b2be5db0408350d43087d2e4d) Importer(815301076,1909f56bfc062723c751e8b465ee728b)  -> (artifact id: '2a31b435ac5c771143e188380eddc65c') in 0.019071 seconds 
========================================================================
Received Import Request.
  Time since last request: 0.000036 seconds.
  path: Assets/Resources/Texture/res_main/icon_bg.png
  artifactKey: Guid(83a63a24811537c4a867feafc219b3f2) Importer(815301076,1909f56bfc062723c751e8b465ee728b)
Start importing Assets/Resources/Texture/res_main/icon_bg.png using Guid(83a63a24811537c4a867feafc219b3f2) Importer(815301076,1909f56bfc062723c751e8b465ee728b)  -> (artifact id: '59228fd9698d4aeca839f270869ce0f4') in 0.015030 seconds 
========================================================================
Received Import Request.
  Time since last request: 0.000033 seconds.
  path: Assets/Resources/Texture/res_main/icon_btn.png
  artifactKey: Guid(f9d136b8ce3073f4cb502927a1295ddb) Importer(815301076,1909f56bfc062723c751e8b465ee728b)
Start importing Assets/Resources/Texture/res_main/icon_btn.png using Guid(f9d136b8ce3073f4cb502927a1295ddb) Importer(815301076,1909f56bfc062723c751e8b465ee728b)  -> (artifact id: 'ac4c0d35120ddf8b76dfac6cf438bfc8') in 0.015081 seconds 
Editor requested this worker to shutdown with reason: Scaling down because of idle timeout
AssetImportWorker is now disconnected from the server
Process exiting
Exiting without the bug reporter. Application will terminate with return code 0