Using pre-set license
Built from '2021.3/china_unity/release' branch; Version is '2021.3.18f1c1 (93698379025b) revision 9660803'; Using compiler version '192829333'; Build Type 'Release'
OS: 'Windows 11  (10.0.22621) 64bit Professional' Language: 'zh' Physical Memory: 65309 MB
BatchMode: 1, IsHumanControllingUs: 0, StartBugReporterOnCrash: 0, Is64bit: 1, IsPro: 1

COMMAND LINE ARGUMENTS:
D:\Program Files\Unity\Hub\Editor\2021.3.18f1c1\Editor\Unity.exe
-adb2
-batchMode
-noUpm
-name
AssetImportWorker4
-projectPath
E:/Unity/Project/GuessTheTurtle20283
-logFile
Logs/AssetImportWorker4.log
-srvPort
49305
Successfully changed project path to: E:/Unity/Project/GuessTheTurtle20283
E:/Unity/Project/GuessTheTurtle20283
[UnityMemory] Configuration Parameters - Can be set up in boot.config
    "memorysetup-bucket-allocator-granularity=16"
    "memorysetup-bucket-allocator-bucket-count=8"
    "memorysetup-bucket-allocator-block-size=33554432"
    "memorysetup-bucket-allocator-block-count=8"
    "memorysetup-main-allocator-block-size=16777216"
    "memorysetup-thread-allocator-block-size=16777216"
    "memorysetup-gfx-main-allocator-block-size=16777216"
    "memorysetup-gfx-thread-allocator-block-size=16777216"
    "memorysetup-cache-allocator-block-size=4194304"
    "memorysetup-typetree-allocator-block-size=2097152"
    "memorysetup-profiler-bucket-allocator-granularity=16"
    "memorysetup-profiler-bucket-allocator-bucket-count=8"
    "memorysetup-profiler-bucket-allocator-block-size=33554432"
    "memorysetup-profiler-bucket-allocator-block-count=8"
    "memorysetup-profiler-allocator-block-size=16777216"
    "memorysetup-profiler-editor-allocator-block-size=1048576"
    "memorysetup-temp-allocator-size-main=16777216"
    "memorysetup-job-temp-allocator-block-size=2097152"
    "memorysetup-job-temp-allocator-block-size-background=1048576"
    "memorysetup-job-temp-allocator-reduction-small-platforms=262144"
    "memorysetup-temp-allocator-size-background-worker=32768"
    "memorysetup-temp-allocator-size-job-worker=262144"
    "memorysetup-temp-allocator-size-preload-manager=33554432"
    "memorysetup-temp-allocator-size-nav-mesh-worker=65536"
    "memorysetup-temp-allocator-size-audio-worker=65536"
    "memorysetup-temp-allocator-size-cloud-worker=32768"
    "memorysetup-temp-allocator-size-gi-baking-worker=262144"
    "memorysetup-temp-allocator-size-gfx=262144"
Player connection [30216] Host "[IP] 172.17.19.92 [Port] 0 [Flags] 2 [Guid] 233529613 [EditorId] 233529613 [Version] 1048832 [Id] WindowsEditor(7,DESKTOP-M864CHM) [Debug] 1 [PackageName] WindowsEditor [ProjectName] Editor" joined multi-casting on [225.0.0.222:54997]...

Player connection [30216] Host "[IP] 172.17.19.92 [Port] 0 [Flags] 2 [Guid] 233529613 [EditorId] 233529613 [Version] 1048832 [Id] WindowsEditor(7,DESKTOP-M864CHM) [Debug] 1 [PackageName] WindowsEditor [ProjectName] Editor" joined alternative multi-casting on [225.0.0.222:34997]...

AS: AutoStreaming module initializing.
Refreshing native plugins compatible for Editor in 47.77 ms, found 4 plugins.
Preloading 0 native plugins for Editor in 0.00 ms.
Initialize engine version: 2021.3.18f1c1 (93698379025b)
[Subsystems] Discovering subsystems at path D:/Program Files/Unity/Hub/Editor/2021.3.18f1c1/Editor/Data/Resources/UnitySubsystems
[Subsystems] Discovering subsystems at path E:/Unity/Project/GuessTheTurtle20283/Assets
GfxDevice: creating device client; threaded=0; jobified=0
Direct3D:
    Version:  Direct3D 11.0 [level 11.1]
    Renderer: NVIDIA GeForce RTX 3050 (ID=0x2507)
    Vendor:   NVIDIA
    VRAM:     8056 MB
    Driver:   31.0.15.2756
Initialize mono
Mono path[0] = 'D:/Program Files/Unity/Hub/Editor/2021.3.18f1c1/Editor/Data/Managed'
Mono path[1] = 'D:/Program Files/Unity/Hub/Editor/2021.3.18f1c1/Editor/Data/MonoBleedingEdge/lib/mono/unityjit-win32'
Mono config path = 'D:/Program Files/Unity/Hub/Editor/2021.3.18f1c1/Editor/Data/MonoBleedingEdge/etc'
Using monoOptions --debugger-agent=transport=dt_socket,embedding=1,server=y,suspend=n,address=127.0.0.1:56300
Begin MonoManager ReloadAssembly
Registering precompiled unity dll's ...
Register platform support module: D:/Program Files/Unity/Hub/Editor/2021.3.18f1c1/Editor/Data/PlaybackEngines/WebGLSupport/UnityEditor.WebGL.Extensions.dll
Register platform support module: D:/Program Files/Unity/Hub/Editor/2021.3.18f1c1/Editor/Data/PlaybackEngines/AndroidPlayer/UnityEditor.Android.Extensions.dll
Register platform support module: D:/Program Files/Unity/Hub/Editor/2021.3.18f1c1/Editor/Data/PlaybackEngines/iOSSupport/UnityEditor.iOS.Extensions.dll
Register platform support module: D:/Program Files/Unity/Hub/Editor/2021.3.18f1c1/Editor/Data/PlaybackEngines/WindowsStandaloneSupport/UnityEditor.WindowsStandalone.Extensions.dll
Registered in 0.002526 seconds.
Native extension for WindowsStandalone target not found
[usbmuxd] Start listen thread
[usbmuxd] Listen thread started
Native extension for iOS target not found
Native extension for Android target not found
Android Extension - Scanning For ADB Devices 243 ms
Native extension for WebGL target not found
Refreshing native plugins compatible for Editor in 48.67 ms, found 4 plugins.
Preloading 0 native plugins for Editor in 0.00 ms.
Mono: successfully reloaded assembly
- Completed reload, in  0.638 seconds
Domain Reload Profiling:
	ReloadAssembly (639ms)
		BeginReloadAssembly (45ms)
			ExecutionOrderSort (0ms)
			DisableScriptedObjects (0ms)
			BackupInstance (0ms)
			ReleaseScriptingObjects (0ms)
			CreateAndSetChildDomain (0ms)
		EndReloadAssembly (529ms)
			LoadAssemblies (44ms)
			RebuildTransferFunctionScriptingTraits (0ms)
			SetupTypeCache (64ms)
			ReleaseScriptCaches (0ms)
			RebuildScriptCaches (16ms)
			SetupLoadedEditorAssemblies (417ms)
				LogAssemblyErrors (0ms)
				InitializePlatformSupportModulesInManaged (290ms)
				SetLoadedEditorAssemblies (0ms)
				RefreshPlugins (49ms)
				BeforeProcessingInitializeOnLoad (1ms)
				ProcessInitializeOnLoadAttributes (50ms)
				ProcessInitializeOnLoadMethodAttributes (27ms)
				AfterProcessingInitializeOnLoad (0ms)
				EditorAssembliesLoaded (0ms)
			ExecutionOrderSort2 (0ms)
			AwakeInstancesAfterBackupRestoration (0ms)
Platform modules already initialized, skipping
Registering precompiled user dll's ...
Registered in 0.004704 seconds.
Begin MonoManager ReloadAssembly
Symbol file LoadedFromMemory doesn't match image E:\Unity\Project\GuessTheTurtle20283\Library\PackageCache\com.unity.visualscripting@1.8.0\Editor\VisualScripting.Core\Dependencies\YamlDotNet\Unity.VisualScripting.YamlDotNet.dll
Symbol file LoadedFromMemory doesn't match image E:\Unity\Project\GuessTheTurtle20283\Library\PackageCache\com.unity.visualscripting@1.8.0\Editor\VisualScripting.Core\Dependencies\DotNetZip\Unity.VisualScripting.IonicZip.dll
Native extension for WindowsStandalone target not found
Native extension for iOS target not found
Native extension for Android target not found
Native extension for WebGL target not found
Refreshing native plugins compatible for Editor in 49.04 ms, found 4 plugins.
Preloading 0 native plugins for Editor in 0.00 ms.
Mono: successfully reloaded assembly
- Completed reload, in  0.755 seconds
Domain Reload Profiling:
	ReloadAssembly (755ms)
		BeginReloadAssembly (68ms)
			ExecutionOrderSort (0ms)
			DisableScriptedObjects (3ms)
			BackupInstance (0ms)
			ReleaseScriptingObjects (0ms)
			CreateAndSetChildDomain (13ms)
		EndReloadAssembly (618ms)
			LoadAssemblies (53ms)
			RebuildTransferFunctionScriptingTraits (0ms)
			SetupTypeCache (137ms)
			ReleaseScriptCaches (0ms)
			RebuildScriptCaches (32ms)
			SetupLoadedEditorAssemblies (364ms)
				LogAssemblyErrors (0ms)
				InitializePlatformSupportModulesInManaged (15ms)
				SetLoadedEditorAssemblies (0ms)
				RefreshPlugins (49ms)
				BeforeProcessingInitializeOnLoad (49ms)
				ProcessInitializeOnLoadAttributes (225ms)
				ProcessInitializeOnLoadMethodAttributes (22ms)
				AfterProcessingInitializeOnLoad (4ms)
				EditorAssembliesLoaded (0ms)
			ExecutionOrderSort2 (0ms)
			AwakeInstancesAfterBackupRestoration (6ms)
Platform modules already initialized, skipping
========================================================================
Worker process is ready to serve import requests
Launched and connected shader compiler UnityShaderCompiler.exe after 0.04 seconds
Refreshing native plugins compatible for Editor in 0.52 ms, found 4 plugins.
Preloading 0 native plugins for Editor in 0.00 ms.
Unloading 3733 Unused Serialized files (Serialized files now loaded: 0)
Unloading 41 unused Assets / (229.4 KB). Loaded Objects now: 4189.
Memory consumption went from 146.9 MB to 146.7 MB.
Total: 5.562400 ms (FindLiveObjects: 0.524400 ms CreateObjectMapping: 0.227300 ms MarkObjects: 4.605100 ms  DeleteObjects: 0.203100 ms)

AssetImportParameters requested are different than current active one (requested -> active):
  custom:video-decoder-ogg-theora: a1e56fd34408186e4bbccfd4996cb3dc -> 
  custom:container-muxer-webm: aa71ff27fc2769a1b78a27578f13a17b -> 
  custom:container-demuxer-webm: 4f35f7cbe854078d1ac9338744f61a02 -> 
  custom:video-encoder-webm-vp8: eb34c28f22e8b96e1ab97ce403110664 -> 
  custom:audio-encoder-webm-vorbis: bf7c407c2cedff20999df2af8eb42d56 -> 
  custom:framework-win-MediaFoundation: 216162199b28c13a410421893ffa2e32 -> 
  custom:container-demuxer-ogg: 62fdf1f143b41e24485cea50d1cbac27 -> 
  custom:video-decoder-webm-vp8: 9c59270c3fd7afecdb556c50c9e8de78 -> 
  custom:audio-decoder-ogg-vorbis: bf7c407c2cedff20999df2af8eb42d56 -> 
========================================================================
Received Import Request.
  Time since last request: 1036751.670625 seconds.
  path: ProjectSettings/TagManager.asset
  artifactKey: Guid(00000000000000003000000000000000) Importer(815301076,1909f56bfc062723c751e8b465ee728b)
Start importing ProjectSettings/TagManager.asset using Guid(00000000000000003000000000000000) Importer(815301076,1909f56bfc062723c751e8b465ee728b)  -> (artifact id: '5f74b9f0782f3ffe8a654b2b60a9f33c') in 0.025824 seconds 
========================================================================
Received Import Request.
  Time since last request: 121.780961 seconds.
  path: Assets/Textures/1 (1).png
  artifactKey: Guid(04fe816beb6c7f7429df7772326257cf) Importer(815301076,1909f56bfc062723c751e8b465ee728b)
Start importing Assets/Textures/1 (1).png using Guid(04fe816beb6c7f7429df7772326257cf) Importer(815301076,1909f56bfc062723c751e8b465ee728b)  -> (artifact id: '9dd03958c3b3711eae1f9fb69365ed7c') in 0.174489 seconds 
========================================================================
Received Import Request.
  Time since last request: 61.498868 seconds.
  path: Assets/Scenes/Hall.unity
  artifactKey: Guid(1df057df15d8e7245a06f7128a102e4c) Importer(815301076,1909f56bfc062723c751e8b465ee728b)
Start importing Assets/Scenes/Hall.unity using Guid(1df057df15d8e7245a06f7128a102e4c) Importer(815301076,1909f56bfc062723c751e8b465ee728b)  -> (artifact id: '94c73a0a2e60cb811725be77fe67850f') in 0.001312 seconds 
========================================================================
Received Import Request.
  Time since last request: 0.669565 seconds.
  path: Assets/Scenes/Hall 1.unity
  artifactKey: Guid(f3446998fb14c9a42822a49f2aa30578) Importer(815301076,1909f56bfc062723c751e8b465ee728b)
Start importing Assets/Scenes/Hall 1.unity using Guid(f3446998fb14c9a42822a49f2aa30578) Importer(815301076,1909f56bfc062723c751e8b465ee728b)  -> (artifact id: '54c45ce2996ddf8030def6b2ce89b1dc') in 0.001128 seconds 
========================================================================
Received Import Request.
  Time since last request: 9.158561 seconds.
  path: Assets/Scenes/Load.unity
  artifactKey: Guid(f3446998fb14c9a42822a49f2aa30578) Importer(815301076,1909f56bfc062723c751e8b465ee728b)
Start importing Assets/Scenes/Load.unity using Guid(f3446998fb14c9a42822a49f2aa30578) Importer(815301076,1909f56bfc062723c751e8b465ee728b)  -> (artifact id: 'ced6d59cf85cdf9645d2ce4e60e05e54') in 0.001336 seconds 
========================================================================
Received Import Request.
  Time since last request: 52.198987 seconds.
  path: Assets/Resources/Prefabs
  artifactKey: Guid(d25bba6c902178e4aabdc7b07d37e5e4) Importer(815301076,1909f56bfc062723c751e8b465ee728b)
Start importing Assets/Resources/Prefabs using Guid(d25bba6c902178e4aabdc7b07d37e5e4) Importer(815301076,1909f56bfc062723c751e8b465ee728b)  -> (artifact id: 'b686f5d4a6606a082296fe9400c4126c') in 0.001444 seconds 
========================================================================
Received Import Request.
  Time since last request: 549.888692 seconds.
  path: Assets/Scripts/NewNewBehaviourScript.cs
  artifactKey: Guid(9ab5d469a17a9c34eaee3a602485ad16) Importer(815301076,1909f56bfc062723c751e8b465ee728b)
Start importing Assets/Scripts/NewNewBehaviourScript.cs using Guid(9ab5d469a17a9c34eaee3a602485ad16) Importer(815301076,1909f56bfc062723c751e8b465ee728b)  -> (artifact id: '802a93c364f6e421fe3f6b91fee50c08') in 0.010090 seconds 
========================================================================
Received Prepare
Registering precompiled user dll's ...
Registered in 0.004991 seconds.
Begin MonoManager ReloadAssembly
Symbol file LoadedFromMemory doesn't match image E:\Unity\Project\GuessTheTurtle20283\Library\PackageCache\com.unity.visualscripting@1.8.0\Editor\VisualScripting.Core\Dependencies\YamlDotNet\Unity.VisualScripting.YamlDotNet.dll
Symbol file LoadedFromMemory doesn't match image E:\Unity\Project\GuessTheTurtle20283\Library\PackageCache\com.unity.visualscripting@1.8.0\Editor\VisualScripting.Core\Dependencies\DotNetZip\Unity.VisualScripting.IonicZip.dll
Native extension for WindowsStandalone target not found
Native extension for iOS target not found
Native extension for Android target not found
Native extension for WebGL target not found
Refreshing native plugins compatible for Editor in 0.91 ms, found 4 plugins.
Preloading 0 native plugins for Editor in 0.00 ms.
Mono: successfully reloaded assembly
- Completed reload, in  0.753 seconds
Domain Reload Profiling:
	ReloadAssembly (753ms)
		BeginReloadAssembly (92ms)
			ExecutionOrderSort (0ms)
			DisableScriptedObjects (4ms)
			BackupInstance (0ms)
			ReleaseScriptingObjects (0ms)
			CreateAndSetChildDomain (29ms)
		EndReloadAssembly (596ms)
			LoadAssemblies (60ms)
			RebuildTransferFunctionScriptingTraits (0ms)
			SetupTypeCache (141ms)
			ReleaseScriptCaches (2ms)
			RebuildScriptCaches (38ms)
			SetupLoadedEditorAssemblies (316ms)
				LogAssemblyErrors (0ms)
				InitializePlatformSupportModulesInManaged (28ms)
				SetLoadedEditorAssemblies (1ms)
				RefreshPlugins (1ms)
				BeforeProcessingInitializeOnLoad (40ms)
				ProcessInitializeOnLoadAttributes (221ms)
				ProcessInitializeOnLoadMethodAttributes (21ms)
				AfterProcessingInitializeOnLoad (4ms)
				EditorAssembliesLoaded (0ms)
			ExecutionOrderSort2 (0ms)
			AwakeInstancesAfterBackupRestoration (8ms)
Platform modules already initialized, skipping
Refreshing native plugins compatible for Editor in 1.16 ms, found 4 plugins.
Preloading 0 native plugins for Editor in 0.00 ms.
Unloading 3728 Unused Serialized files (Serialized files now loaded: 0)
Unloading 29 unused Assets / (195.7 KB). Loaded Objects now: 4199.
Memory consumption went from 150.9 MB to 150.7 MB.
Total: 3.971300 ms (FindLiveObjects: 0.362700 ms CreateObjectMapping: 0.191600 ms MarkObjects: 3.171700 ms  DeleteObjects: 0.244300 ms)

AssetImportParameters requested are different than current active one (requested -> active):
  custom:video-decoder-ogg-theora: a1e56fd34408186e4bbccfd4996cb3dc -> 
  custom:container-muxer-webm: aa71ff27fc2769a1b78a27578f13a17b -> 
  custom:container-demuxer-webm: 4f35f7cbe854078d1ac9338744f61a02 -> 
  custom:video-encoder-webm-vp8: eb34c28f22e8b96e1ab97ce403110664 -> 
  custom:audio-encoder-webm-vorbis: bf7c407c2cedff20999df2af8eb42d56 -> 
  custom:framework-win-MediaFoundation: 216162199b28c13a410421893ffa2e32 -> 
  custom:container-demuxer-ogg: 62fdf1f143b41e24485cea50d1cbac27 -> 
  custom:video-decoder-webm-vp8: 9c59270c3fd7afecdb556c50c9e8de78 -> 
  custom:audio-decoder-ogg-vorbis: bf7c407c2cedff20999df2af8eb42d56 -> 
========================================================================
Received Import Request.
  Time since last request: 961.628162 seconds.
  path: Assets/Scripts/Base
  artifactKey: Guid(250735a8ff097ae468a5df19b8716d47) Importer(815301076,1909f56bfc062723c751e8b465ee728b)
Start importing Assets/Scripts/Base using Guid(250735a8ff097ae468a5df19b8716d47) Importer(815301076,1909f56bfc062723c751e8b465ee728b)  -> (artifact id: '16c38ccae19d0619165eabaffb09a896') in 0.010354 seconds 
========================================================================
Received Import Request.
  Time since last request: 12.021220 seconds.
  path: Assets/Scripts/Manages
  artifactKey: Guid(63d986d65a4ffbb4ab5395452b54d620) Importer(815301076,1909f56bfc062723c751e8b465ee728b)
Start importing Assets/Scripts/Manages using Guid(63d986d65a4ffbb4ab5395452b54d620) Importer(815301076,1909f56bfc062723c751e8b465ee728b)  -> (artifact id: '84c167c3d5d88a3790da9ee97ed77b92') in 0.001629 seconds 
========================================================================
Received Import Request.
  Time since last request: 3.348266 seconds.
  path: Assets/Scripts/Bases
  artifactKey: Guid(250735a8ff097ae468a5df19b8716d47) Importer(815301076,1909f56bfc062723c751e8b465ee728b)
Start importing Assets/Scripts/Bases using Guid(250735a8ff097ae468a5df19b8716d47) Importer(815301076,1909f56bfc062723c751e8b465ee728b)  -> (artifact id: '8471f381a4f607bb6c4dc9ea71a96883') in 0.001093 seconds 
========================================================================
Received Import Request.
  Time since last request: 11.618628 seconds.
  path: Assets/Scripts/Module
  artifactKey: Guid(a05d0eb3bbdeda8409c962729d17094b) Importer(815301076,1909f56bfc062723c751e8b465ee728b)
Start importing Assets/Scripts/Module using Guid(a05d0eb3bbdeda8409c962729d17094b) Importer(815301076,1909f56bfc062723c751e8b465ee728b)  -> (artifact id: '438b93d1ea610be08b458fa9126f1101') in 0.001296 seconds 
========================================================================
Received Import Request.
  Time since last request: 21.849005 seconds.
  path: Assets/Scripts/Module/Hall.cs
  artifactKey: Guid(3ae651f4eaf464c40bd04d8242abc573) Importer(815301076,1909f56bfc062723c751e8b465ee728b)
Start importing Assets/Scripts/Module/Hall.cs using Guid(3ae651f4eaf464c40bd04d8242abc573) Importer(815301076,1909f56bfc062723c751e8b465ee728b)  -> (artifact id: '468750751ca4ee21db534eb615bcbaef') in 0.001490 seconds 
========================================================================
Received Prepare
Registering precompiled user dll's ...
Registered in 0.004574 seconds.
Begin MonoManager ReloadAssembly
Symbol file LoadedFromMemory doesn't match image E:\Unity\Project\GuessTheTurtle20283\Library\PackageCache\com.unity.visualscripting@1.8.0\Editor\VisualScripting.Core\Dependencies\YamlDotNet\Unity.VisualScripting.YamlDotNet.dll
Symbol file LoadedFromMemory doesn't match image E:\Unity\Project\GuessTheTurtle20283\Library\PackageCache\com.unity.visualscripting@1.8.0\Editor\VisualScripting.Core\Dependencies\DotNetZip\Unity.VisualScripting.IonicZip.dll
Native extension for WindowsStandalone target not found
Native extension for iOS target not found
Native extension for Android target not found
Native extension for WebGL target not found
Refreshing native plugins compatible for Editor in 0.50 ms, found 4 plugins.
Preloading 0 native plugins for Editor in 0.00 ms.
Mono: successfully reloaded assembly
- Completed reload, in  0.741 seconds
Domain Reload Profiling:
	ReloadAssembly (743ms)
		BeginReloadAssembly (90ms)
			ExecutionOrderSort (0ms)
			DisableScriptedObjects (4ms)
			BackupInstance (0ms)
			ReleaseScriptingObjects (0ms)
			CreateAndSetChildDomain (27ms)
		EndReloadAssembly (592ms)
			LoadAssemblies (61ms)
			RebuildTransferFunctionScriptingTraits (0ms)
			SetupTypeCache (145ms)
			ReleaseScriptCaches (1ms)
			RebuildScriptCaches (29ms)
			SetupLoadedEditorAssemblies (302ms)
				LogAssemblyErrors (0ms)
				InitializePlatformSupportModulesInManaged (22ms)
				SetLoadedEditorAssemblies (0ms)
				RefreshPlugins (1ms)
				BeforeProcessingInitializeOnLoad (39ms)
				ProcessInitializeOnLoadAttributes (215ms)
				ProcessInitializeOnLoadMethodAttributes (21ms)
				AfterProcessingInitializeOnLoad (4ms)
				EditorAssembliesLoaded (0ms)
			ExecutionOrderSort2 (0ms)
			AwakeInstancesAfterBackupRestoration (9ms)
Platform modules already initialized, skipping
Refreshing native plugins compatible for Editor in 1.69 ms, found 4 plugins.
Preloading 0 native plugins for Editor in 0.00 ms.
Unloading 3729 Unused Serialized files (Serialized files now loaded: 0)
Unloading 28 unused Assets / (195.7 KB). Loaded Objects now: 4203.
Memory consumption went from 150.9 MB to 150.7 MB.
Total: 2.444000 ms (FindLiveObjects: 0.208000 ms CreateObjectMapping: 0.076800 ms MarkObjects: 2.040700 ms  DeleteObjects: 0.117900 ms)

AssetImportParameters requested are different than current active one (requested -> active):
  custom:video-decoder-ogg-theora: a1e56fd34408186e4bbccfd4996cb3dc -> 
  custom:container-muxer-webm: aa71ff27fc2769a1b78a27578f13a17b -> 
  custom:container-demuxer-webm: 4f35f7cbe854078d1ac9338744f61a02 -> 
  custom:video-encoder-webm-vp8: eb34c28f22e8b96e1ab97ce403110664 -> 
  custom:audio-encoder-webm-vorbis: bf7c407c2cedff20999df2af8eb42d56 -> 
  custom:framework-win-MediaFoundation: 216162199b28c13a410421893ffa2e32 -> 
  custom:container-demuxer-ogg: 62fdf1f143b41e24485cea50d1cbac27 -> 
  custom:video-decoder-webm-vp8: 9c59270c3fd7afecdb556c50c9e8de78 -> 
  custom:audio-decoder-ogg-vorbis: bf7c407c2cedff20999df2af8eb42d56 -> 
========================================================================
Received Import Request.
  Time since last request: 59.452969 seconds.
  path: Assets/Scripts/Bases/Sing.cs
  artifactKey: Guid(9f06d0b9f85997149925b3a1b8589005) Importer(815301076,1909f56bfc062723c751e8b465ee728b)
Start importing Assets/Scripts/Bases/Sing.cs using Guid(9f06d0b9f85997149925b3a1b8589005) Importer(815301076,1909f56bfc062723c751e8b465ee728b)  -> (artifact id: '783b0efd9a20a8d1b4c504094c78453e') in 0.006675 seconds 
========================================================================
Received Import Request.
  Time since last request: 2.728860 seconds.
  path: Assets/Scripts/Bases/Singleton.cs
  artifactKey: Guid(9f06d0b9f85997149925b3a1b8589005) Importer(815301076,1909f56bfc062723c751e8b465ee728b)
Start importing Assets/Scripts/Bases/Singleton.cs using Guid(9f06d0b9f85997149925b3a1b8589005) Importer(815301076,1909f56bfc062723c751e8b465ee728b)  -> (artifact id: '126f19aae4faf7cfb9da750d7a9de052') in 0.001820 seconds 
========================================================================
Received Prepare
Registering precompiled user dll's ...
Registered in 0.004669 seconds.
Begin MonoManager ReloadAssembly
Symbol file LoadedFromMemory doesn't match image E:\Unity\Project\GuessTheTurtle20283\Library\PackageCache\com.unity.visualscripting@1.8.0\Editor\VisualScripting.Core\Dependencies\YamlDotNet\Unity.VisualScripting.YamlDotNet.dll
Symbol file LoadedFromMemory doesn't match image E:\Unity\Project\GuessTheTurtle20283\Library\PackageCache\com.unity.visualscripting@1.8.0\Editor\VisualScripting.Core\Dependencies\DotNetZip\Unity.VisualScripting.IonicZip.dll
Native extension for WindowsStandalone target not found
Native extension for iOS target not found
Native extension for Android target not found
Native extension for WebGL target not found
Refreshing native plugins compatible for Editor in 0.49 ms, found 4 plugins.
Preloading 0 native plugins for Editor in 0.00 ms.
Mono: successfully reloaded assembly
- Completed reload, in  0.687 seconds
Domain Reload Profiling:
	ReloadAssembly (688ms)
		BeginReloadAssembly (86ms)
			ExecutionOrderSort (0ms)
			DisableScriptedObjects (4ms)
			BackupInstance (0ms)
			ReleaseScriptingObjects (0ms)
			CreateAndSetChildDomain (27ms)
		EndReloadAssembly (538ms)
			LoadAssemblies (57ms)
			RebuildTransferFunctionScriptingTraits (0ms)
			SetupTypeCache (134ms)
			ReleaseScriptCaches (1ms)
			RebuildScriptCaches (25ms)
			SetupLoadedEditorAssemblies (286ms)
				LogAssemblyErrors (0ms)
				InitializePlatformSupportModulesInManaged (20ms)
				SetLoadedEditorAssemblies (0ms)
				RefreshPlugins (1ms)
				BeforeProcessingInitializeOnLoad (36ms)
				ProcessInitializeOnLoadAttributes (203ms)
				ProcessInitializeOnLoadMethodAttributes (22ms)
				AfterProcessingInitializeOnLoad (4ms)
				EditorAssembliesLoaded (0ms)
			ExecutionOrderSort2 (0ms)
			AwakeInstancesAfterBackupRestoration (7ms)
Platform modules already initialized, skipping
Refreshing native plugins compatible for Editor in 1.37 ms, found 4 plugins.
Preloading 0 native plugins for Editor in 0.00 ms.
Unloading 3729 Unused Serialized files (Serialized files now loaded: 0)
Unloading 28 unused Assets / (195.8 KB). Loaded Objects now: 4206.
Memory consumption went from 150.9 MB to 150.7 MB.
Total: 2.781700 ms (FindLiveObjects: 0.308500 ms CreateObjectMapping: 0.109300 ms MarkObjects: 2.254900 ms  DeleteObjects: 0.108000 ms)

AssetImportParameters requested are different than current active one (requested -> active):
  custom:video-decoder-ogg-theora: a1e56fd34408186e4bbccfd4996cb3dc -> 
  custom:container-muxer-webm: aa71ff27fc2769a1b78a27578f13a17b -> 
  custom:container-demuxer-webm: 4f35f7cbe854078d1ac9338744f61a02 -> 
  custom:video-encoder-webm-vp8: eb34c28f22e8b96e1ab97ce403110664 -> 
  custom:audio-encoder-webm-vorbis: bf7c407c2cedff20999df2af8eb42d56 -> 
  custom:framework-win-MediaFoundation: 216162199b28c13a410421893ffa2e32 -> 
  custom:container-demuxer-ogg: 62fdf1f143b41e24485cea50d1cbac27 -> 
  custom:video-decoder-webm-vp8: 9c59270c3fd7afecdb556c50c9e8de78 -> 
  custom:audio-decoder-ogg-vorbis: bf7c407c2cedff20999df2af8eb42d56 -> 
========================================================================
Received Import Request.
  Time since last request: 12.729260 seconds.
  path: Assets/Scripts/Bases/Singleton.cs
  artifactKey: Guid(9f06d0b9f85997149925b3a1b8589005) Importer(815301076,1909f56bfc062723c751e8b465ee728b)
Start importing Assets/Scripts/Bases/Singleton.cs using Guid(9f06d0b9f85997149925b3a1b8589005) Importer(815301076,1909f56bfc062723c751e8b465ee728b)  -> (artifact id: 'eee42c278083853077caaed478d47096') in 0.006776 seconds 
========================================================================
Received Import Request.
  Time since last request: 49.082282 seconds.
  path: Assets/Scripts/Manages/ResourceManager.cs
  artifactKey: Guid(8dfea3b765729f44099bd259a6891153) Importer(815301076,1909f56bfc062723c751e8b465ee728b)
Start importing Assets/Scripts/Manages/ResourceManager.cs using Guid(8dfea3b765729f44099bd259a6891153) Importer(815301076,1909f56bfc062723c751e8b465ee728b)  -> (artifact id: '609446aca80a4ea201368ff2dc3afced') in 0.001744 seconds 
========================================================================
Received Import Request.
  Time since last request: 79.367144 seconds.
  path: Assets/Scripts/Manages/ResourceManager.cs
  artifactKey: Guid(8dfea3b765729f44099bd259a6891153) Importer(815301076,1909f56bfc062723c751e8b465ee728b)
Start importing Assets/Scripts/Manages/ResourceManager.cs using Guid(8dfea3b765729f44099bd259a6891153) Importer(815301076,1909f56bfc062723c751e8b465ee728b)  -> (artifact id: 'a05273e93b577abe7ee507a3a672375a') in 0.001516 seconds 
========================================================================
Received Prepare
Registering precompiled user dll's ...
Registered in 0.004387 seconds.
Begin MonoManager ReloadAssembly
Symbol file LoadedFromMemory doesn't match image E:\Unity\Project\GuessTheTurtle20283\Library\PackageCache\com.unity.visualscripting@1.8.0\Editor\VisualScripting.Core\Dependencies\YamlDotNet\Unity.VisualScripting.YamlDotNet.dll
Symbol file LoadedFromMemory doesn't match image E:\Unity\Project\GuessTheTurtle20283\Library\PackageCache\com.unity.visualscripting@1.8.0\Editor\VisualScripting.Core\Dependencies\DotNetZip\Unity.VisualScripting.IonicZip.dll
Native extension for WindowsStandalone target not found
Native extension for iOS target not found
Native extension for Android target not found
Native extension for WebGL target not found
Refreshing native plugins compatible for Editor in 0.49 ms, found 4 plugins.
Preloading 0 native plugins for Editor in 0.00 ms.
Mono: successfully reloaded assembly
- Completed reload, in  0.693 seconds
Domain Reload Profiling:
	ReloadAssembly (693ms)
		BeginReloadAssembly (88ms)
			ExecutionOrderSort (0ms)
			DisableScriptedObjects (4ms)
			BackupInstance (0ms)
			ReleaseScriptingObjects (0ms)
			CreateAndSetChildDomain (24ms)
		EndReloadAssembly (542ms)
			LoadAssemblies (58ms)
			RebuildTransferFunctionScriptingTraits (0ms)
			SetupTypeCache (135ms)
			ReleaseScriptCaches (1ms)
			RebuildScriptCaches (28ms)
			SetupLoadedEditorAssemblies (292ms)
				LogAssemblyErrors (0ms)
				InitializePlatformSupportModulesInManaged (22ms)
				SetLoadedEditorAssemblies (0ms)
				RefreshPlugins (1ms)
				BeforeProcessingInitializeOnLoad (39ms)
				ProcessInitializeOnLoadAttributes (204ms)
				ProcessInitializeOnLoadMethodAttributes (21ms)
				AfterProcessingInitializeOnLoad (4ms)
				EditorAssembliesLoaded (0ms)
			ExecutionOrderSort2 (0ms)
			AwakeInstancesAfterBackupRestoration (9ms)
Platform modules already initialized, skipping
Refreshing native plugins compatible for Editor in 1.61 ms, found 4 plugins.
Preloading 0 native plugins for Editor in 0.00 ms.
Unloading 3731 Unused Serialized files (Serialized files now loaded: 0)
Unloading 28 unused Assets / (195.6 KB). Loaded Objects now: 4211.
Memory consumption went from 150.9 MB to 150.7 MB.
Total: 2.495800 ms (FindLiveObjects: 0.187200 ms CreateObjectMapping: 0.090300 ms MarkObjects: 2.100900 ms  DeleteObjects: 0.116600 ms)

AssetImportParameters requested are different than current active one (requested -> active):
  custom:video-decoder-ogg-theora: a1e56fd34408186e4bbccfd4996cb3dc -> 
  custom:container-muxer-webm: aa71ff27fc2769a1b78a27578f13a17b -> 
  custom:container-demuxer-webm: 4f35f7cbe854078d1ac9338744f61a02 -> 
  custom:video-encoder-webm-vp8: eb34c28f22e8b96e1ab97ce403110664 -> 
  custom:audio-encoder-webm-vorbis: bf7c407c2cedff20999df2af8eb42d56 -> 
  custom:framework-win-MediaFoundation: 216162199b28c13a410421893ffa2e32 -> 
  custom:container-demuxer-ogg: 62fdf1f143b41e24485cea50d1cbac27 -> 
  custom:video-decoder-webm-vp8: 9c59270c3fd7afecdb556c50c9e8de78 -> 
  custom:audio-decoder-ogg-vorbis: bf7c407c2cedff20999df2af8eb42d56 -> 
========================================================================
Received Import Request.
  Time since last request: 47.571982 seconds.
  path: Assets/Scripts/Manages/ResourceManager.cs
  artifactKey: Guid(8dfea3b765729f44099bd259a6891153) Importer(815301076,1909f56bfc062723c751e8b465ee728b)
Start importing Assets/Scripts/Manages/ResourceManager.cs using Guid(8dfea3b765729f44099bd259a6891153) Importer(815301076,1909f56bfc062723c751e8b465ee728b)  -> (artifact id: 'a5fc107f5333b275adc14319179a8ab2') in 0.004936 seconds 
========================================================================
Received Prepare
Registering precompiled user dll's ...
Registered in 0.004992 seconds.
Begin MonoManager ReloadAssembly
Symbol file LoadedFromMemory doesn't match image E:\Unity\Project\GuessTheTurtle20283\Library\PackageCache\com.unity.visualscripting@1.8.0\Editor\VisualScripting.Core\Dependencies\YamlDotNet\Unity.VisualScripting.YamlDotNet.dll
Symbol file LoadedFromMemory doesn't match image E:\Unity\Project\GuessTheTurtle20283\Library\PackageCache\com.unity.visualscripting@1.8.0\Editor\VisualScripting.Core\Dependencies\DotNetZip\Unity.VisualScripting.IonicZip.dll
Native extension for WindowsStandalone target not found
Native extension for iOS target not found
Native extension for Android target not found
Native extension for WebGL target not found
Refreshing native plugins compatible for Editor in 0.44 ms, found 4 plugins.
Preloading 0 native plugins for Editor in 0.00 ms.
Mono: successfully reloaded assembly
- Completed reload, in  0.670 seconds
Domain Reload Profiling:
	ReloadAssembly (670ms)
		BeginReloadAssembly (85ms)
			ExecutionOrderSort (0ms)
			DisableScriptedObjects (4ms)
			BackupInstance (0ms)
			ReleaseScriptingObjects (0ms)
			CreateAndSetChildDomain (25ms)
		EndReloadAssembly (527ms)
			LoadAssemblies (55ms)
			RebuildTransferFunctionScriptingTraits (0ms)
			SetupTypeCache (129ms)
			ReleaseScriptCaches (1ms)
			RebuildScriptCaches (25ms)
			SetupLoadedEditorAssemblies (283ms)
				LogAssemblyErrors (0ms)
				InitializePlatformSupportModulesInManaged (20ms)
				SetLoadedEditorAssemblies (0ms)
				RefreshPlugins (1ms)
				BeforeProcessingInitializeOnLoad (36ms)
				ProcessInitializeOnLoadAttributes (201ms)
				ProcessInitializeOnLoadMethodAttributes (21ms)
				AfterProcessingInitializeOnLoad (4ms)
				EditorAssembliesLoaded (0ms)
			ExecutionOrderSort2 (0ms)
			AwakeInstancesAfterBackupRestoration (8ms)
Platform modules already initialized, skipping
Refreshing native plugins compatible for Editor in 1.30 ms, found 4 plugins.
Preloading 0 native plugins for Editor in 0.00 ms.
Unloading 3731 Unused Serialized files (Serialized files now loaded: 0)
Unloading 28 unused Assets / (195.9 KB). Loaded Objects now: 4214.
Memory consumption went from 150.9 MB to 150.8 MB.
Total: 2.424800 ms (FindLiveObjects: 0.193600 ms CreateObjectMapping: 0.086700 ms MarkObjects: 2.030100 ms  DeleteObjects: 0.113600 ms)

AssetImportParameters requested are different than current active one (requested -> active):
  custom:video-decoder-ogg-theora: a1e56fd34408186e4bbccfd4996cb3dc -> 
  custom:container-muxer-webm: aa71ff27fc2769a1b78a27578f13a17b -> 
  custom:container-demuxer-webm: 4f35f7cbe854078d1ac9338744f61a02 -> 
  custom:video-encoder-webm-vp8: eb34c28f22e8b96e1ab97ce403110664 -> 
  custom:audio-encoder-webm-vorbis: bf7c407c2cedff20999df2af8eb42d56 -> 
  custom:framework-win-MediaFoundation: 216162199b28c13a410421893ffa2e32 -> 
  custom:container-demuxer-ogg: 62fdf1f143b41e24485cea50d1cbac27 -> 
  custom:video-decoder-webm-vp8: 9c59270c3fd7afecdb556c50c9e8de78 -> 
  custom:audio-decoder-ogg-vorbis: bf7c407c2cedff20999df2af8eb42d56 -> 
========================================================================
Received Import Request.
  Time since last request: 3.926071 seconds.
  path: Assets/Scripts/Manages/ResourceManager.cs
  artifactKey: Guid(8dfea3b765729f44099bd259a6891153) Importer(815301076,1909f56bfc062723c751e8b465ee728b)
Start importing Assets/Scripts/Manages/ResourceManager.cs using Guid(8dfea3b765729f44099bd259a6891153) Importer(815301076,1909f56bfc062723c751e8b465ee728b)  -> (artifact id: '3157431ad82b9cab05d29f3a33241856') in 0.004604 seconds 
========================================================================
Received Prepare
Registering precompiled user dll's ...
Registered in 0.004652 seconds.
Begin MonoManager ReloadAssembly
Symbol file LoadedFromMemory doesn't match image E:\Unity\Project\GuessTheTurtle20283\Library\PackageCache\com.unity.visualscripting@1.8.0\Editor\VisualScripting.Core\Dependencies\YamlDotNet\Unity.VisualScripting.YamlDotNet.dll
Symbol file LoadedFromMemory doesn't match image E:\Unity\Project\GuessTheTurtle20283\Library\PackageCache\com.unity.visualscripting@1.8.0\Editor\VisualScripting.Core\Dependencies\DotNetZip\Unity.VisualScripting.IonicZip.dll
Native extension for WindowsStandalone target not found
Native extension for iOS target not found
Native extension for Android target not found
Native extension for WebGL target not found
Refreshing native plugins compatible for Editor in 1.24 ms, found 4 plugins.
Preloading 0 native plugins for Editor in 0.00 ms.
Mono: successfully reloaded assembly
- Completed reload, in  0.696 seconds
Domain Reload Profiling:
	ReloadAssembly (697ms)
		BeginReloadAssembly (92ms)
			ExecutionOrderSort (0ms)
			DisableScriptedObjects (4ms)
			BackupInstance (0ms)
			ReleaseScriptingObjects (0ms)
			CreateAndSetChildDomain (27ms)
		EndReloadAssembly (532ms)
			LoadAssemblies (57ms)
			RebuildTransferFunctionScriptingTraits (0ms)
			SetupTypeCache (132ms)
			ReleaseScriptCaches (1ms)
			RebuildScriptCaches (26ms)
			SetupLoadedEditorAssemblies (287ms)
				LogAssemblyErrors (0ms)
				InitializePlatformSupportModulesInManaged (21ms)
				SetLoadedEditorAssemblies (0ms)
				RefreshPlugins (1ms)
				BeforeProcessingInitializeOnLoad (38ms)
				ProcessInitializeOnLoadAttributes (203ms)
				ProcessInitializeOnLoadMethodAttributes (19ms)
				AfterProcessingInitializeOnLoad (4ms)
				EditorAssembliesLoaded (0ms)
			ExecutionOrderSort2 (0ms)
			AwakeInstancesAfterBackupRestoration (8ms)
Platform modules already initialized, skipping
Refreshing native plugins compatible for Editor in 1.43 ms, found 4 plugins.
Preloading 0 native plugins for Editor in 0.00 ms.
Unloading 3732 Unused Serialized files (Serialized files now loaded: 0)
Unloading 28 unused Assets / (195.8 KB). Loaded Objects now: 4218.
Memory consumption went from 151.0 MB to 150.8 MB.
Total: 2.385400 ms (FindLiveObjects: 0.203100 ms CreateObjectMapping: 0.084300 ms MarkObjects: 1.984500 ms  DeleteObjects: 0.112500 ms)

AssetImportParameters requested are different than current active one (requested -> active):
  custom:video-decoder-ogg-theora: a1e56fd34408186e4bbccfd4996cb3dc -> 
  custom:container-muxer-webm: aa71ff27fc2769a1b78a27578f13a17b -> 
  custom:container-demuxer-webm: 4f35f7cbe854078d1ac9338744f61a02 -> 
  custom:video-encoder-webm-vp8: eb34c28f22e8b96e1ab97ce403110664 -> 
  custom:audio-encoder-webm-vorbis: bf7c407c2cedff20999df2af8eb42d56 -> 
  custom:framework-win-MediaFoundation: 216162199b28c13a410421893ffa2e32 -> 
  custom:container-demuxer-ogg: 62fdf1f143b41e24485cea50d1cbac27 -> 
  custom:video-decoder-webm-vp8: 9c59270c3fd7afecdb556c50c9e8de78 -> 
  custom:audio-decoder-ogg-vorbis: bf7c407c2cedff20999df2af8eb42d56 -> 
========================================================================
Received Prepare
Registering precompiled user dll's ...
Registered in 0.005072 seconds.
Begin MonoManager ReloadAssembly
Symbol file LoadedFromMemory doesn't match image E:\Unity\Project\GuessTheTurtle20283\Library\PackageCache\com.unity.visualscripting@1.8.0\Editor\VisualScripting.Core\Dependencies\YamlDotNet\Unity.VisualScripting.YamlDotNet.dll
Symbol file LoadedFromMemory doesn't match image E:\Unity\Project\GuessTheTurtle20283\Library\PackageCache\com.unity.visualscripting@1.8.0\Editor\VisualScripting.Core\Dependencies\DotNetZip\Unity.VisualScripting.IonicZip.dll
Native extension for WindowsStandalone target not found
Native extension for iOS target not found
Native extension for Android target not found
Native extension for WebGL target not found
Refreshing native plugins compatible for Editor in 0.49 ms, found 4 plugins.
Preloading 0 native plugins for Editor in 0.00 ms.
Mono: successfully reloaded assembly
- Completed reload, in  0.702 seconds
Domain Reload Profiling:
	ReloadAssembly (702ms)
		BeginReloadAssembly (92ms)
			ExecutionOrderSort (0ms)
			DisableScriptedObjects (4ms)
			BackupInstance (0ms)
			ReleaseScriptingObjects (0ms)
			CreateAndSetChildDomain (26ms)
		EndReloadAssembly (547ms)
			LoadAssemblies (55ms)
			RebuildTransferFunctionScriptingTraits (0ms)
			SetupTypeCache (141ms)
			ReleaseScriptCaches (1ms)
			RebuildScriptCaches (26ms)
			SetupLoadedEditorAssemblies (297ms)
				LogAssemblyErrors (0ms)
				InitializePlatformSupportModulesInManaged (23ms)
				SetLoadedEditorAssemblies (0ms)
				RefreshPlugins (1ms)
				BeforeProcessingInitializeOnLoad (38ms)
				ProcessInitializeOnLoadAttributes (209ms)
				ProcessInitializeOnLoadMethodAttributes (22ms)
				AfterProcessingInitializeOnLoad (4ms)
				EditorAssembliesLoaded (0ms)
			ExecutionOrderSort2 (0ms)
			AwakeInstancesAfterBackupRestoration (8ms)
Platform modules already initialized, skipping
Refreshing native plugins compatible for Editor in 1.66 ms, found 4 plugins.
Preloading 0 native plugins for Editor in 0.00 ms.
Unloading 3733 Unused Serialized files (Serialized files now loaded: 0)
Unloading 28 unused Assets / (196.0 KB). Loaded Objects now: 4222.
Memory consumption went from 151.0 MB to 150.8 MB.
Total: 3.592500 ms (FindLiveObjects: 0.214000 ms CreateObjectMapping: 0.085500 ms MarkObjects: 3.040700 ms  DeleteObjects: 0.250400 ms)

AssetImportParameters requested are different than current active one (requested -> active):
  custom:video-decoder-ogg-theora: a1e56fd34408186e4bbccfd4996cb3dc -> 
  custom:container-muxer-webm: aa71ff27fc2769a1b78a27578f13a17b -> 
  custom:container-demuxer-webm: 4f35f7cbe854078d1ac9338744f61a02 -> 
  custom:video-encoder-webm-vp8: eb34c28f22e8b96e1ab97ce403110664 -> 
  custom:audio-encoder-webm-vorbis: bf7c407c2cedff20999df2af8eb42d56 -> 
  custom:framework-win-MediaFoundation: 216162199b28c13a410421893ffa2e32 -> 
  custom:container-demuxer-ogg: 62fdf1f143b41e24485cea50d1cbac27 -> 
  custom:video-decoder-webm-vp8: 9c59270c3fd7afecdb556c50c9e8de78 -> 
  custom:audio-decoder-ogg-vorbis: bf7c407c2cedff20999df2af8eb42d56 -> 
========================================================================
Received Prepare
Registering precompiled user dll's ...
Registered in 0.005488 seconds.
Begin MonoManager ReloadAssembly
Symbol file LoadedFromMemory doesn't match image E:\Unity\Project\GuessTheTurtle20283\Library\PackageCache\com.unity.visualscripting@1.8.0\Editor\VisualScripting.Core\Dependencies\YamlDotNet\Unity.VisualScripting.YamlDotNet.dll
Symbol file LoadedFromMemory doesn't match image E:\Unity\Project\GuessTheTurtle20283\Library\PackageCache\com.unity.visualscripting@1.8.0\Editor\VisualScripting.Core\Dependencies\DotNetZip\Unity.VisualScripting.IonicZip.dll
Native extension for WindowsStandalone target not found
Native extension for iOS target not found
Native extension for Android target not found
Native extension for WebGL target not found
Refreshing native plugins compatible for Editor in 0.48 ms, found 4 plugins.
Preloading 0 native plugins for Editor in 0.00 ms.
Mono: successfully reloaded assembly
- Completed reload, in  0.700 seconds
Domain Reload Profiling:
	ReloadAssembly (700ms)
		BeginReloadAssembly (88ms)
			ExecutionOrderSort (0ms)
			DisableScriptedObjects (5ms)
			BackupInstance (0ms)
			ReleaseScriptingObjects (0ms)
			CreateAndSetChildDomain (24ms)
		EndReloadAssembly (553ms)
			LoadAssemblies (56ms)
			RebuildTransferFunctionScriptingTraits (0ms)
			SetupTypeCache (141ms)
			ReleaseScriptCaches (1ms)
			RebuildScriptCaches (26ms)
			SetupLoadedEditorAssemblies (294ms)
				LogAssemblyErrors (0ms)
				InitializePlatformSupportModulesInManaged (20ms)
				SetLoadedEditorAssemblies (0ms)
				RefreshPlugins (1ms)
				BeforeProcessingInitializeOnLoad (38ms)
				ProcessInitializeOnLoadAttributes (211ms)
				ProcessInitializeOnLoadMethodAttributes (19ms)
				AfterProcessingInitializeOnLoad (4ms)
				EditorAssembliesLoaded (0ms)
			ExecutionOrderSort2 (0ms)
			AwakeInstancesAfterBackupRestoration (9ms)
Platform modules already initialized, skipping
Refreshing native plugins compatible for Editor in 1.38 ms, found 4 plugins.
Preloading 0 native plugins for Editor in 0.00 ms.
Unloading 3751 Unused Serialized files (Serialized files now loaded: 0)
Unloading 30 unused Assets / (195.9 KB). Loaded Objects now: 4243.
Memory consumption went from 151.5 MB to 151.3 MB.
Total: 3.470000 ms (FindLiveObjects: 0.591400 ms CreateObjectMapping: 0.380100 ms MarkObjects: 2.378500 ms  DeleteObjects: 0.118400 ms)

AssetImportParameters requested are different than current active one (requested -> active):
  custom:video-decoder-ogg-theora: a1e56fd34408186e4bbccfd4996cb3dc -> 
  custom:container-muxer-webm: aa71ff27fc2769a1b78a27578f13a17b -> 
  custom:container-demuxer-webm: 4f35f7cbe854078d1ac9338744f61a02 -> 
  custom:video-encoder-webm-vp8: eb34c28f22e8b96e1ab97ce403110664 -> 
  custom:audio-encoder-webm-vorbis: bf7c407c2cedff20999df2af8eb42d56 -> 
  custom:framework-win-MediaFoundation: 216162199b28c13a410421893ffa2e32 -> 
  custom:container-demuxer-ogg: 62fdf1f143b41e24485cea50d1cbac27 -> 
  custom:video-decoder-webm-vp8: 9c59270c3fd7afecdb556c50c9e8de78 -> 
  custom:audio-decoder-ogg-vorbis: bf7c407c2cedff20999df2af8eb42d56 -> 
========================================================================
Received Import Request.
  Time since last request: 2198.240023 seconds.
  path: Assets/Resources/AudioSound
  artifactKey: Guid(09579f9519b2c244790bccb263b0c866) Importer(815301076,1909f56bfc062723c751e8b465ee728b)
Start importing Assets/Resources/AudioSound using Guid(09579f9519b2c244790bccb263b0c866) Importer(815301076,1909f56bfc062723c751e8b465ee728b)  -> (artifact id: '09fc692c2cc0929fd4abbf1c2a54bd85') in 0.006772 seconds 
========================================================================
Received Import Request.
  Time since last request: 14.332242 seconds.
  path: Assets/Textures/矩形 2 拷贝.png
  artifactKey: Guid(8a747b7a085bb314ca264dbbe4df10f5) Importer(815301076,1909f56bfc062723c751e8b465ee728b)
Start importing Assets/Textures/矩形 2 拷贝.png using Guid(8a747b7a085bb314ca264dbbe4df10f5) Importer(815301076,1909f56bfc062723c751e8b465ee728b)  -> (artifact id: 'ebbb6fa18c340483f50c4a791419c365') in 0.038076 seconds 
========================================================================
Received Import Request.
  Time since last request: 15.963662 seconds.
  path: Assets/Textures/btn_unmusic.png
  artifactKey: Guid(8a747b7a085bb314ca264dbbe4df10f5) Importer(815301076,1909f56bfc062723c751e8b465ee728b)
Start importing Assets/Textures/btn_unmusic.png using Guid(8a747b7a085bb314ca264dbbe4df10f5) Importer(815301076,1909f56bfc062723c751e8b465ee728b)  -> (artifact id: '23b2e5d2c07646ac85e96580c9d3f2e5') in 0.019880 seconds 
========================================================================
Received Import Request.
  Time since last request: 5.055437 seconds.
  path: Assets/Textures/btn_back.png
  artifactKey: Guid(3f92c70defae92a45959cf3ab6461591) Importer(815301076,1909f56bfc062723c751e8b465ee728b)
Start importing Assets/Textures/btn_back.png using Guid(3f92c70defae92a45959cf3ab6461591) Importer(815301076,1909f56bfc062723c751e8b465ee728b)  -> (artifact id: '703821027e9749c0bc86645d1d737366') in 0.010338 seconds 
========================================================================
Received Import Request.
  Time since last request: 4.881619 seconds.
  path: Assets/Textures/btn_retun.png
  artifactKey: Guid(3f92c70defae92a45959cf3ab6461591) Importer(815301076,1909f56bfc062723c751e8b465ee728b)
Start importing Assets/Textures/btn_retun.png using Guid(3f92c70defae92a45959cf3ab6461591) Importer(815301076,1909f56bfc062723c751e8b465ee728b)  -> (artifact id: 'c005fc665dd99650ace77c6f199562bd') in 0.008508 seconds 
========================================================================
Received Import Request.
  Time since last request: 8700.756155 seconds.
  path: Assets/Resources/Textures
  artifactKey: Guid(7df5f48c8fba26b4fb237cc6741012a2) Importer(815301076,1909f56bfc062723c751e8b465ee728b)
Start importing Assets/Resources/Textures using Guid(7df5f48c8fba26b4fb237cc6741012a2) Importer(815301076,1909f56bfc062723c751e8b465ee728b)  -> (artifact id: '68c95816e0933e75a44eb36abba96f2c') in 0.001705 seconds 
========================================================================
Received Import Request.
  Time since last request: 7.414134 seconds.
  path: Assets/Resources/Textures/Pokers
  artifactKey: Guid(5824d202d1173d74fa533a23711b0384) Importer(815301076,1909f56bfc062723c751e8b465ee728b)
Start importing Assets/Resources/Textures/Pokers using Guid(5824d202d1173d74fa533a23711b0384) Importer(815301076,1909f56bfc062723c751e8b465ee728b)  -> (artifact id: 'c67dbc27a43cd6188161365fb726656b') in 0.001385 seconds 
========================================================================
Received Import Request.
  Time since last request: 34.512219 seconds.
  path: Assets/Resources/Textures/Pokers/未标题-1_0016_图层-7.png
  artifactKey: Guid(a9d32d93a49b49044828d7d4362d941d) Importer(815301076,1909f56bfc062723c751e8b465ee728b)
Start importing Assets/Resources/Textures/Pokers/未标题-1_0016_图层-7.png using Guid(a9d32d93a49b49044828d7d4362d941d) Importer(815301076,1909f56bfc062723c751e8b465ee728b)  -> (artifact id: '7ab6a3a790193823e2952fd3be780e6c') in 0.025758 seconds 
========================================================================
Received Import Request.
  Time since last request: 0.294350 seconds.
  path: Assets/Resources/Textures/Pokers/未标题-1_0018_图层-26.png
  artifactKey: Guid(27925051e4dc33648984b218eeb53944) Importer(815301076,1909f56bfc062723c751e8b465ee728b)
Start importing Assets/Resources/Textures/Pokers/未标题-1_0018_图层-26.png using Guid(27925051e4dc33648984b218eeb53944) Importer(815301076,1909f56bfc062723c751e8b465ee728b)  -> (artifact id: '1c1ed96e1de44beb9e57e54cb3555c3d') in 0.013782 seconds 
========================================================================
Received Import Request.
  Time since last request: 0.010394 seconds.
  path: Assets/Resources/Textures/Pokers/未标题-1_0022_图层-21.png
  artifactKey: Guid(4cfd0124cc3b5874299b966ee3d1f88e) Importer(815301076,1909f56bfc062723c751e8b465ee728b)
Start importing Assets/Resources/Textures/Pokers/未标题-1_0022_图层-21.png using Guid(4cfd0124cc3b5874299b966ee3d1f88e) Importer(815301076,1909f56bfc062723c751e8b465ee728b)  -> (artifact id: '80fd4048c52bafd4a69269014df51045') in 0.010866 seconds 
========================================================================
Received Import Request.
  Time since last request: 0.000039 seconds.
  path: Assets/Resources/Textures/Pokers/未标题-1_0028_图层-4.png
  artifactKey: Guid(5501bd9374e11f34b93f98b3cfca51ff) Importer(815301076,1909f56bfc062723c751e8b465ee728b)
Start importing Assets/Resources/Textures/Pokers/未标题-1_0028_图层-4.png using Guid(5501bd9374e11f34b93f98b3cfca51ff) Importer(815301076,1909f56bfc062723c751e8b465ee728b)  -> (artifact id: 'fb25c6676561be41208cfc9ede941ccc') in 0.062631 seconds 
========================================================================
Received Import Request.
  Time since last request: 0.000027 seconds.
  path: Assets/Resources/Textures/Pokers/未标题-1_0046_图层-35.png
  artifactKey: Guid(72c821d6316b08944a9611cf0014f49e) Importer(815301076,1909f56bfc062723c751e8b465ee728b)
Start importing Assets/Resources/Textures/Pokers/未标题-1_0046_图层-35.png using Guid(72c821d6316b08944a9611cf0014f49e) Importer(815301076,1909f56bfc062723c751e8b465ee728b)  -> (artifact id: '527e443efa79dbcb41641d81841aff92') in 0.018016 seconds 
========================================================================
Received Import Request.
  Time since last request: 0.000062 seconds.
  path: Assets/Resources/Textures/Pokers/未标题-1_0042_图层-36.png
  artifactKey: Guid(fa0722b6401e19349880c70947a20a2a) Importer(815301076,1909f56bfc062723c751e8b465ee728b)
Start importing Assets/Resources/Textures/Pokers/未标题-1_0042_图层-36.png using Guid(fa0722b6401e19349880c70947a20a2a) Importer(815301076,1909f56bfc062723c751e8b465ee728b)  -> (artifact id: 'b2fa1bf1c0ad9ff97046f9c50eec8098') in 0.010809 seconds 
========================================================================
Received Import Request.
  Time since last request: 0.000053 seconds.
  path: Assets/Resources/Textures/Pokers/未标题-1_0034_图层-44.png
  artifactKey: Guid(2710fede6466ea84caa96c61b664920b) Importer(815301076,1909f56bfc062723c751e8b465ee728b)
Start importing Assets/Resources/Textures/Pokers/未标题-1_0034_图层-44.png using Guid(2710fede6466ea84caa96c61b664920b) Importer(815301076,1909f56bfc062723c751e8b465ee728b)  -> (artifact id: '8e3fdc98f2c0c2bedc1a0f8f65ef39cb') in 0.014438 seconds 
========================================================================
Received Import Request.
  Time since last request: 0.000050 seconds.
  path: Assets/Resources/Textures/Pokers/未标题-1_0047_图层-48.png
  artifactKey: Guid(8421b069b93fb4045bd2df2d0d7bc539) Importer(815301076,1909f56bfc062723c751e8b465ee728b)
Start importing Assets/Resources/Textures/Pokers/未标题-1_0047_图层-48.png using Guid(8421b069b93fb4045bd2df2d0d7bc539) Importer(815301076,1909f56bfc062723c751e8b465ee728b)  -> (artifact id: 'ddf1b0d968ae747a2700f04016456f9d') in 0.011851 seconds 
========================================================================
Received Import Request.
  Time since last request: 0.000044 seconds.
  path: Assets/Resources/Textures/Pokers/未标题-1_0035_图层-47.png
  artifactKey: Guid(3e3fc15b49428be4a99e2e276ab452a2) Importer(815301076,1909f56bfc062723c751e8b465ee728b)
Start importing Assets/Resources/Textures/Pokers/未标题-1_0035_图层-47.png using Guid(3e3fc15b49428be4a99e2e276ab452a2) Importer(815301076,1909f56bfc062723c751e8b465ee728b)  -> (artifact id: '80cd66226e4e3c1b1e5ba6c86e29958b') in 0.014652 seconds 
========================================================================
Received Import Request.
  Time since last request: 0.000030 seconds.
  path: Assets/Resources/Textures/Pokers/未标题-1_0032_图层-3.png
  artifactKey: Guid(f39a7582e09206349b3e1fbdd3b146ff) Importer(815301076,1909f56bfc062723c751e8b465ee728b)
Start importing Assets/Resources/Textures/Pokers/未标题-1_0032_图层-3.png using Guid(f39a7582e09206349b3e1fbdd3b146ff) Importer(815301076,1909f56bfc062723c751e8b465ee728b)  -> (artifact id: '7c2666f7cef1ce37747f8db0f4a66c02') in 0.009927 seconds 
========================================================================
Received Import Request.
  Time since last request: 0.000037 seconds.
  path: Assets/Resources/Textures/Pokers/未标题-1_0045_图层-32.png
  artifactKey: Guid(264b8e8e8b3b9584991d0a70242f37c0) Importer(815301076,1909f56bfc062723c751e8b465ee728b)
Start importing Assets/Resources/Textures/Pokers/未标题-1_0045_图层-32.png using Guid(264b8e8e8b3b9584991d0a70242f37c0) Importer(815301076,1909f56bfc062723c751e8b465ee728b)  -> (artifact id: '96c0d319286f165e41bb84fa722ac27d') in 0.011640 seconds 
========================================================================
Received Import Request.
  Time since last request: 0.000067 seconds.
  path: Assets/Resources/Textures/Pokers/未标题-1_0027_图层-51.png
  artifactKey: Guid(7a3ee8314b4c62243a0821d08cc44669) Importer(815301076,1909f56bfc062723c751e8b465ee728b)
Start importing Assets/Resources/Textures/Pokers/未标题-1_0027_图层-51.png using Guid(7a3ee8314b4c62243a0821d08cc44669) Importer(815301076,1909f56bfc062723c751e8b465ee728b)  -> (artifact id: '4bbce040edaa82d86ec24a0f5b4f9a9e') in 0.008909 seconds 
========================================================================
Received Import Request.
  Time since last request: 0.000039 seconds.
  path: Assets/Resources/Textures/Pokers/未标题-1_0019_图层-46.png
  artifactKey: Guid(6f35b5fbeeed0c34ba772e52933f4302) Importer(815301076,1909f56bfc062723c751e8b465ee728b)
Start importing Assets/Resources/Textures/Pokers/未标题-1_0019_图层-46.png using Guid(6f35b5fbeeed0c34ba772e52933f4302) Importer(815301076,1909f56bfc062723c751e8b465ee728b)  -> (artifact id: 'caad794538cfb9a61c15fb26ecacf641') in 0.014125 seconds 
========================================================================
Received Import Request.
  Time since last request: 0.000035 seconds.
  path: Assets/Resources/Textures/Pokers/未标题-1_0044_图层-17.png
  artifactKey: Guid(87ab016c0eaaae543a23c4ccb8d3fc99) Importer(815301076,1909f56bfc062723c751e8b465ee728b)
Start importing Assets/Resources/Textures/Pokers/未标题-1_0044_图层-17.png using Guid(87ab016c0eaaae543a23c4ccb8d3fc99) Importer(815301076,1909f56bfc062723c751e8b465ee728b)  -> (artifact id: '6aff72db39699167e9aa2d6518e694a4') in 0.019301 seconds 
========================================================================
Received Import Request.
  Time since last request: 0.000029 seconds.
  path: Assets/Resources/Textures/Pokers/未标题-1_0023_图层-41.png
  artifactKey: Guid(db501d12598afb24fa2635d42526ad01) Importer(815301076,1909f56bfc062723c751e8b465ee728b)
Start importing Assets/Resources/Textures/Pokers/未标题-1_0023_图层-41.png using Guid(db501d12598afb24fa2635d42526ad01) Importer(815301076,1909f56bfc062723c751e8b465ee728b)  -> (artifact id: 'd82e27dd9b174886f87bfead92510f86') in 0.013968 seconds 
========================================================================
Received Import Request.
  Time since last request: 0.000023 seconds.
  path: Assets/Resources/Textures/Pokers/未标题-1_0025_图层-15.png
  artifactKey: Guid(49aaa99b01fe8a14cb9a7947f5695fb5) Importer(815301076,1909f56bfc062723c751e8b465ee728b)
Start importing Assets/Resources/Textures/Pokers/未标题-1_0025_图层-15.png using Guid(49aaa99b01fe8a14cb9a7947f5695fb5) Importer(815301076,1909f56bfc062723c751e8b465ee728b)  -> (artifact id: '440e0a0af332fce47aebeaaa70dbd248') in 0.009710 seconds 
========================================================================
Received Import Request.
  Time since last request: 0.000033 seconds.
  path: Assets/Resources/Textures/Pokers/未标题-1_0031_图层-49.png
  artifactKey: Guid(4f004d3463e5c98428a63620b5348bfe) Importer(815301076,1909f56bfc062723c751e8b465ee728b)
Start importing Assets/Resources/Textures/Pokers/未标题-1_0031_图层-49.png using Guid(4f004d3463e5c98428a63620b5348bfe) Importer(815301076,1909f56bfc062723c751e8b465ee728b)  -> (artifact id: 'eaaf86d911d49f971aa992f690702e0f') in 0.009966 seconds 
========================================================================
Received Import Request.
  Time since last request: 0.000039 seconds.
  path: Assets/Resources/Textures/Pokers/未标题-1_0041_图层-22.png
  artifactKey: Guid(6c163bc5dd3230948b4cec469ebd9a6e) Importer(815301076,1909f56bfc062723c751e8b465ee728b)
Start importing Assets/Resources/Textures/Pokers/未标题-1_0041_图层-22.png using Guid(6c163bc5dd3230948b4cec469ebd9a6e) Importer(815301076,1909f56bfc062723c751e8b465ee728b)  -> (artifact id: '19d1ac38b161e11646ff6fc3d30caccb') in 0.010782 seconds 
Editor requested this worker to shutdown with reason: Scaling down because of idle timeout
AssetImportWorker is now disconnected from the server
Process exiting
Exiting without the bug reporter. Application will terminate with return code 0