Using pre-set license
Built from '2021.3/china_unity/release' branch; Version is '2021.3.18f1c1 (93698379025b) revision 9660803'; Using compiler version '192829333'; Build Type 'Release'
OS: 'Windows 11  (10.0.22621) 64bit Professional' Language: 'zh' Physical Memory: 65309 MB
BatchMode: 1, IsHumanControllingUs: 0, StartBugReporterOnCrash: 0, Is64bit: 1, IsPro: 1

COMMAND LINE ARGUMENTS:
D:\Program Files\Unity\Hub\Editor\2021.3.18f1c1\Editor\Unity.exe
-adb2
-batchMode
-noUpm
-name
AssetImportWorker0
-projectPath
E:/Unity/Project/GuessTheTurtle20283
-logFile
Logs/AssetImportWorker0.log
-srvPort
49305
Successfully changed project path to: E:/Unity/Project/GuessTheTurtle20283
E:/Unity/Project/GuessTheTurtle20283
[UnityMemory] Configuration Parameters - Can be set up in boot.config
    "memorysetup-bucket-allocator-granularity=16"
    "memorysetup-bucket-allocator-bucket-count=8"
    "memorysetup-bucket-allocator-block-size=33554432"
    "memorysetup-bucket-allocator-block-count=8"
    "memorysetup-main-allocator-block-size=16777216"
    "memorysetup-thread-allocator-block-size=16777216"
    "memorysetup-gfx-main-allocator-block-size=16777216"
    "memorysetup-gfx-thread-allocator-block-size=16777216"
    "memorysetup-cache-allocator-block-size=4194304"
    "memorysetup-typetree-allocator-block-size=2097152"
    "memorysetup-profiler-bucket-allocator-granularity=16"
    "memorysetup-profiler-bucket-allocator-bucket-count=8"
    "memorysetup-profiler-bucket-allocator-block-size=33554432"
    "memorysetup-profiler-bucket-allocator-block-count=8"
    "memorysetup-profiler-allocator-block-size=16777216"
    "memorysetup-profiler-editor-allocator-block-size=1048576"
    "memorysetup-temp-allocator-size-main=16777216"
    "memorysetup-job-temp-allocator-block-size=2097152"
    "memorysetup-job-temp-allocator-block-size-background=1048576"
    "memorysetup-job-temp-allocator-reduction-small-platforms=262144"
    "memorysetup-temp-allocator-size-background-worker=32768"
    "memorysetup-temp-allocator-size-job-worker=262144"
    "memorysetup-temp-allocator-size-preload-manager=33554432"
    "memorysetup-temp-allocator-size-nav-mesh-worker=65536"
    "memorysetup-temp-allocator-size-audio-worker=65536"
    "memorysetup-temp-allocator-size-cloud-worker=32768"
    "memorysetup-temp-allocator-size-gi-baking-worker=262144"
    "memorysetup-temp-allocator-size-gfx=262144"
Player connection [10972] Host "[IP] 172.17.19.92 [Port] 0 [Flags] 2 [Guid] 1050236791 [EditorId] 1050236791 [Version] 1048832 [Id] WindowsEditor(7,DESKTOP-M864CHM) [Debug] 1 [PackageName] WindowsEditor [ProjectName] Editor" joined multi-casting on [225.0.0.222:54997]...

Player connection [10972] Host "[IP] 172.17.19.92 [Port] 0 [Flags] 2 [Guid] 1050236791 [EditorId] 1050236791 [Version] 1048832 [Id] WindowsEditor(7,DESKTOP-M864CHM) [Debug] 1 [PackageName] WindowsEditor [ProjectName] Editor" joined alternative multi-casting on [225.0.0.222:34997]...

AS: AutoStreaming module initializing.
Refreshing native plugins compatible for Editor in 47.32 ms, found 4 plugins.
Preloading 0 native plugins for Editor in 0.00 ms.
Initialize engine version: 2021.3.18f1c1 (93698379025b)
[Subsystems] Discovering subsystems at path D:/Program Files/Unity/Hub/Editor/2021.3.18f1c1/Editor/Data/Resources/UnitySubsystems
[Subsystems] Discovering subsystems at path E:/Unity/Project/GuessTheTurtle20283/Assets
GfxDevice: creating device client; threaded=0; jobified=0
Direct3D:
    Version:  Direct3D 11.0 [level 11.1]
    Renderer: NVIDIA GeForce RTX 3050 (ID=0x2507)
    Vendor:   NVIDIA
    VRAM:     8056 MB
    Driver:   31.0.15.2756
Initialize mono
Mono path[0] = 'D:/Program Files/Unity/Hub/Editor/2021.3.18f1c1/Editor/Data/Managed'
Mono path[1] = 'D:/Program Files/Unity/Hub/Editor/2021.3.18f1c1/Editor/Data/MonoBleedingEdge/lib/mono/unityjit-win32'
Mono config path = 'D:/Program Files/Unity/Hub/Editor/2021.3.18f1c1/Editor/Data/MonoBleedingEdge/etc'
Using monoOptions --debugger-agent=transport=dt_socket,embedding=1,server=y,suspend=n,address=127.0.0.1:56176
Begin MonoManager ReloadAssembly
Registering precompiled unity dll's ...
Register platform support module: D:/Program Files/Unity/Hub/Editor/2021.3.18f1c1/Editor/Data/PlaybackEngines/WebGLSupport/UnityEditor.WebGL.Extensions.dll
Register platform support module: D:/Program Files/Unity/Hub/Editor/2021.3.18f1c1/Editor/Data/PlaybackEngines/AndroidPlayer/UnityEditor.Android.Extensions.dll
Register platform support module: D:/Program Files/Unity/Hub/Editor/2021.3.18f1c1/Editor/Data/PlaybackEngines/iOSSupport/UnityEditor.iOS.Extensions.dll
Register platform support module: D:/Program Files/Unity/Hub/Editor/2021.3.18f1c1/Editor/Data/PlaybackEngines/WindowsStandaloneSupport/UnityEditor.WindowsStandalone.Extensions.dll
Registered in 0.002900 seconds.
Native extension for WindowsStandalone target not found
[usbmuxd] Start listen thread
[usbmuxd] Listen thread started
Native extension for iOS target not found
Native extension for Android target not found
Android Extension - Scanning For ADB Devices 298 ms
Native extension for WebGL target not found
Refreshing native plugins compatible for Editor in 48.44 ms, found 4 plugins.
Preloading 0 native plugins for Editor in 0.00 ms.
Mono: successfully reloaded assembly
- Completed reload, in  0.691 seconds
Domain Reload Profiling:
	ReloadAssembly (691ms)
		BeginReloadAssembly (48ms)
			ExecutionOrderSort (0ms)
			DisableScriptedObjects (0ms)
			BackupInstance (0ms)
			ReleaseScriptingObjects (0ms)
			CreateAndSetChildDomain (1ms)
		EndReloadAssembly (580ms)
			LoadAssemblies (46ms)
			RebuildTransferFunctionScriptingTraits (0ms)
			SetupTypeCache (63ms)
			ReleaseScriptCaches (0ms)
			RebuildScriptCaches (16ms)
			SetupLoadedEditorAssemblies (470ms)
				LogAssemblyErrors (0ms)
				InitializePlatformSupportModulesInManaged (344ms)
				SetLoadedEditorAssemblies (0ms)
				RefreshPlugins (49ms)
				BeforeProcessingInitializeOnLoad (1ms)
				ProcessInitializeOnLoadAttributes (51ms)
				ProcessInitializeOnLoadMethodAttributes (26ms)
				AfterProcessingInitializeOnLoad (0ms)
				EditorAssembliesLoaded (0ms)
			ExecutionOrderSort2 (0ms)
			AwakeInstancesAfterBackupRestoration (0ms)
Platform modules already initialized, skipping
Registering precompiled user dll's ...
Registered in 0.004431 seconds.
Begin MonoManager ReloadAssembly
Symbol file LoadedFromMemory doesn't match image E:\Unity\Project\GuessTheTurtle20283\Library\PackageCache\com.unity.visualscripting@1.8.0\Editor\VisualScripting.Core\Dependencies\YamlDotNet\Unity.VisualScripting.YamlDotNet.dll
Symbol file LoadedFromMemory doesn't match image E:\Unity\Project\GuessTheTurtle20283\Library\PackageCache\com.unity.visualscripting@1.8.0\Editor\VisualScripting.Core\Dependencies\DotNetZip\Unity.VisualScripting.IonicZip.dll
Native extension for WindowsStandalone target not found
Native extension for iOS target not found
Native extension for Android target not found
Native extension for WebGL target not found
Refreshing native plugins compatible for Editor in 47.18 ms, found 4 plugins.
Preloading 0 native plugins for Editor in 0.00 ms.
Mono: successfully reloaded assembly
- Completed reload, in  0.742 seconds
Domain Reload Profiling:
	ReloadAssembly (742ms)
		BeginReloadAssembly (66ms)
			ExecutionOrderSort (0ms)
			DisableScriptedObjects (3ms)
			BackupInstance (0ms)
			ReleaseScriptingObjects (0ms)
			CreateAndSetChildDomain (13ms)
		EndReloadAssembly (607ms)
			LoadAssemblies (50ms)
			RebuildTransferFunctionScriptingTraits (0ms)
			SetupTypeCache (134ms)
			ReleaseScriptCaches (0ms)
			RebuildScriptCaches (31ms)
			SetupLoadedEditorAssemblies (360ms)
				LogAssemblyErrors (0ms)
				InitializePlatformSupportModulesInManaged (15ms)
				SetLoadedEditorAssemblies (0ms)
				RefreshPlugins (47ms)
				BeforeProcessingInitializeOnLoad (48ms)
				ProcessInitializeOnLoadAttributes (224ms)
				ProcessInitializeOnLoadMethodAttributes (20ms)
				AfterProcessingInitializeOnLoad (4ms)
				EditorAssembliesLoaded (0ms)
			ExecutionOrderSort2 (0ms)
			AwakeInstancesAfterBackupRestoration (6ms)
Platform modules already initialized, skipping
========================================================================
Worker process is ready to serve import requests
Launched and connected shader compiler UnityShaderCompiler.exe after 0.04 seconds
Refreshing native plugins compatible for Editor in 0.63 ms, found 4 plugins.
Preloading 0 native plugins for Editor in 0.00 ms.
Unloading 3733 Unused Serialized files (Serialized files now loaded: 0)
Unloading 41 unused Assets / (229.4 KB). Loaded Objects now: 4189.
Memory consumption went from 146.9 MB to 146.7 MB.
Total: 2.652000 ms (FindLiveObjects: 0.194900 ms CreateObjectMapping: 0.085900 ms MarkObjects: 2.270100 ms  DeleteObjects: 0.100500 ms)

AssetImportParameters requested are different than current active one (requested -> active):
  custom:video-decoder-ogg-theora: a1e56fd34408186e4bbccfd4996cb3dc -> 
  custom:container-muxer-webm: aa71ff27fc2769a1b78a27578f13a17b -> 
  custom:container-demuxer-webm: 4f35f7cbe854078d1ac9338744f61a02 -> 
  custom:video-encoder-webm-vp8: eb34c28f22e8b96e1ab97ce403110664 -> 
  custom:audio-encoder-webm-vorbis: bf7c407c2cedff20999df2af8eb42d56 -> 
  custom:framework-win-MediaFoundation: 216162199b28c13a410421893ffa2e32 -> 
  custom:container-demuxer-ogg: 62fdf1f143b41e24485cea50d1cbac27 -> 
  custom:video-decoder-webm-vp8: 9c59270c3fd7afecdb556c50c9e8de78 -> 
  custom:audio-decoder-ogg-vorbis: bf7c407c2cedff20999df2af8eb42d56 -> 
========================================================================
Received Import Request.
  Time since last request: 1035736.876495 seconds.
  path: Assets/Scenes
  artifactKey: Guid(131a6b21c8605f84396be9f6751fb6e3) Importer(815301076,1909f56bfc062723c751e8b465ee728b)
Start importing Assets/Scenes using Guid(131a6b21c8605f84396be9f6751fb6e3) Importer(815301076,1909f56bfc062723c751e8b465ee728b)  -> (artifact id: '2c23e514d24f6b65fe96946cd87fc526') in 0.004954 seconds 
========================================================================
Received Import Request.
  Time since last request: 10.110257 seconds.
  path: Assets/Scenes/Hall.unity
  artifactKey: Guid(1df057df15d8e7245a06f7128a102e4c) Importer(815301076,1909f56bfc062723c751e8b465ee728b)
Start importing Assets/Scenes/Hall.unity using Guid(1df057df15d8e7245a06f7128a102e4c) Importer(815301076,1909f56bfc062723c751e8b465ee728b)  -> (artifact id: '6cb0020a5975ef1e456ac4f42769dd9b') in 0.001382 seconds 
========================================================================
Received Import Request.
  Time since last request: 6.446344 seconds.
  path: Assets/Scenes/SampleScene.unity
  artifactKey: Guid(2cda990e2423bbf4892e6590ba056729) Importer(815301076,1909f56bfc062723c751e8b465ee728b)
Start importing Assets/Scenes/SampleScene.unity using Guid(2cda990e2423bbf4892e6590ba056729) Importer(815301076,1909f56bfc062723c751e8b465ee728b)  -> (artifact id: 'b8026e6bb85ace54affd7e38f3dc7d2a') in 0.002073 seconds 
========================================================================
Received Import Request.
  Time since last request: 18.774546 seconds.
  path: Assets/Resources
  artifactKey: Guid(26a5438c58f10054bbb56f6d6d4aa022) Importer(815301076,1909f56bfc062723c751e8b465ee728b)
Start importing Assets/Resources using Guid(26a5438c58f10054bbb56f6d6d4aa022) Importer(815301076,1909f56bfc062723c751e8b465ee728b)  -> (artifact id: '668708dac3a98acac8e64fbcee66a673') in 0.001201 seconds 
========================================================================
Received Import Request.
  Time since last request: 2.276192 seconds.
  path: Assets/Resources 1
  artifactKey: Guid(888b697306f921f4b8143c940f03cac8) Importer(815301076,1909f56bfc062723c751e8b465ee728b)
Start importing Assets/Resources 1 using Guid(888b697306f921f4b8143c940f03cac8) Importer(815301076,1909f56bfc062723c751e8b465ee728b)  -> (artifact id: '835d00b48bbe9c37b392ac2eb11036ec') in 0.001560 seconds 
========================================================================
Received Import Request.
  Time since last request: 9.694447 seconds.
  path: Assets/Scripts
  artifactKey: Guid(888b697306f921f4b8143c940f03cac8) Importer(815301076,1909f56bfc062723c751e8b465ee728b)
Start importing Assets/Scripts using Guid(888b697306f921f4b8143c940f03cac8) Importer(815301076,1909f56bfc062723c751e8b465ee728b)  -> (artifact id: 'ed380b410612a1050820f773d594f2f7') in 0.001055 seconds 
========================================================================
Received Import Request.
  Time since last request: 2.412961 seconds.
  path: Assets/Scripts 1
  artifactKey: Guid(e6b394e20306aac4b966c8d4f6429721) Importer(815301076,1909f56bfc062723c751e8b465ee728b)
Start importing Assets/Scripts 1 using Guid(e6b394e20306aac4b966c8d4f6429721) Importer(815301076,1909f56bfc062723c751e8b465ee728b)  -> (artifact id: '6382c3ae7c31ab430e623b1936a6bc7f') in 0.001906 seconds 
========================================================================
Received Import Request.
  Time since last request: 6.423179 seconds.
  path: Assets/Textures
  artifactKey: Guid(e6b394e20306aac4b966c8d4f6429721) Importer(815301076,1909f56bfc062723c751e8b465ee728b)
Start importing Assets/Textures using Guid(e6b394e20306aac4b966c8d4f6429721) Importer(815301076,1909f56bfc062723c751e8b465ee728b)  -> (artifact id: '1ba3f92ed4eb52a366e514539cb4d07e') in 0.001156 seconds 
========================================================================
Received Import Request.
  Time since last request: 562.741385 seconds.
  path: Assets/Textures/bg.png
  artifactKey: Guid(4d53c259e555da74d857c70f04484d81) Importer(815301076,1909f56bfc062723c751e8b465ee728b)
Start importing Assets/Textures/bg.png using Guid(4d53c259e555da74d857c70f04484d81) Importer(815301076,1909f56bfc062723c751e8b465ee728b)  -> (artifact id: 'd721be2bbd4572cb58471ac7eea926dc') in 0.192874 seconds 
========================================================================
Received Import Request.
  Time since last request: 0.144528 seconds.
  path: Assets/Textures/btn_music.png
  artifactKey: Guid(395db71dcde6f91448b07a7284a0b5c2) Importer(815301076,1909f56bfc062723c751e8b465ee728b)
Start importing Assets/Textures/btn_music.png using Guid(395db71dcde6f91448b07a7284a0b5c2) Importer(815301076,1909f56bfc062723c751e8b465ee728b)  -> (artifact id: '34c8bf8af2790b8f9e2c2336612fffbb') in 0.030406 seconds 
========================================================================
Received Import Request.
  Time since last request: 0.000051 seconds.
  path: Assets/Textures/room3.png
  artifactKey: Guid(117286273008cc74da0bb9cf59e5021b) Importer(815301076,1909f56bfc062723c751e8b465ee728b)
Start importing Assets/Textures/room3.png using Guid(117286273008cc74da0bb9cf59e5021b) Importer(815301076,1909f56bfc062723c751e8b465ee728b)  -> (artifact id: '2c3ea749689bbfadf515570df956420f') in 0.015209 seconds 
========================================================================
Received Import Request.
  Time since last request: 0.000050 seconds.
  path: Assets/Textures/poker_bg.png
  artifactKey: Guid(42604646528f1fd42a98082406492028) Importer(815301076,1909f56bfc062723c751e8b465ee728b)
Start importing Assets/Textures/poker_bg.png using Guid(42604646528f1fd42a98082406492028) Importer(815301076,1909f56bfc062723c751e8b465ee728b)  -> (artifact id: '041c58cbd3eacd5dc764433c0d4ddccf') in 0.009978 seconds 
========================================================================
Received Import Request.
  Time since last request: 0.000018 seconds.
  path: Assets/Textures/lose.png
  artifactKey: Guid(f489b49bc765dfb40961e0c3739342fa) Importer(815301076,1909f56bfc062723c751e8b465ee728b)
Start importing Assets/Textures/lose.png using Guid(f489b49bc765dfb40961e0c3739342fa) Importer(815301076,1909f56bfc062723c751e8b465ee728b)  -> (artifact id: 'a05573caa9367a465b1ef81e0e8657cd') in 0.043233 seconds 
========================================================================
Received Import Request.
  Time since last request: 0.000029 seconds.
  path: Assets/Textures/btn_next.png
  artifactKey: Guid(ee6ace3cda9581c4db9c20fc3acbd7db) Importer(815301076,1909f56bfc062723c751e8b465ee728b)
Start importing Assets/Textures/btn_next.png using Guid(ee6ace3cda9581c4db9c20fc3acbd7db) Importer(815301076,1909f56bfc062723c751e8b465ee728b)  -> (artifact id: '1c41653e5b6b718c035b4bc5efb0c365') in 0.008991 seconds 
========================================================================
Received Import Request.
  Time since last request: 0.000018 seconds.
  path: Assets/Textures/btn_play.png
  artifactKey: Guid(33e977010cdf3ad43b2c013271ed085b) Importer(815301076,1909f56bfc062723c751e8b465ee728b)
Start importing Assets/Textures/btn_play.png using Guid(33e977010cdf3ad43b2c013271ed085b) Importer(815301076,1909f56bfc062723c751e8b465ee728b)  -> (artifact id: '5ce78aeae120b68cf74126a47bb15272') in 0.007742 seconds 
Editor requested this worker to shutdown with reason: Scaling down because of idle timeout
AssetImportWorker is now disconnected from the server
Process exiting
Exiting without the bug reporter. Application will terminate with return code 0